TN:
SF:src/app.js
FN:68,(anonymous_0)
FN:94,(anonymous_1)
FN:124,(anonymous_2)
FN:133,(anonymous_3)
FN:140,(anonymous_4)
FN:147,(anonymous_5)
FN:162,(anonymous_6)
FN:183,(anonymous_7)
FN:191,(anonymous_8)
FN:201,(anonymous_9)
FN:219,(anonymous_10)
FN:230,(anonymous_11)
FN:235,(anonymous_12)
FN:241,(anonymous_13)
FN:246,(anonymous_14)
FN:253,(anonymous_15)
FN:273,(anonymous_16)
FN:296,(anonymous_17)
FN:299,(anonymous_18)
FNF:19
FNH:0
FNDA:0,(anonymous_0)
FNDA:0,(anonymous_1)
FNDA:0,(anonymous_2)
FNDA:0,(anonymous_3)
FNDA:0,(anonymous_4)
FNDA:0,(anonymous_5)
FNDA:0,(anonymous_6)
FNDA:0,(anonymous_7)
FNDA:0,(anonymous_8)
FNDA:0,(anonymous_9)
FNDA:0,(anonymous_10)
FNDA:0,(anonymous_11)
FNDA:0,(anonymous_12)
FNDA:0,(anonymous_13)
FNDA:0,(anonymous_14)
FNDA:0,(anonymous_15)
FNDA:0,(anonymous_16)
FNDA:0,(anonymous_17)
FNDA:0,(anonymous_18)
DA:1,0
DA:2,0
DA:3,0
DA:4,0
DA:5,0
DA:6,0
DA:7,0
DA:10,0
DA:11,0
DA:12,0
DA:13,0
DA:14,0
DA:17,0
DA:18,0
DA:19,0
DA:20,0
DA:21,0
DA:22,0
DA:23,0
DA:24,0
DA:25,0
DA:26,0
DA:29,0
DA:30,0
DA:31,0
DA:32,0
DA:33,0
DA:35,0
DA:43,0
DA:46,0
DA:49,0
DA:52,0
DA:55,0
DA:58,0
DA:70,0
DA:74,0
DA:77,0
DA:87,0
DA:90,0
DA:93,0
DA:96,0
DA:98,0
DA:104,0
DA:105,0
DA:107,0
DA:122,0
DA:125,0
DA:128,0
DA:131,0
DA:134,0
DA:140,0
DA:141,0
DA:142,0
DA:143,0
DA:147,0
DA:148,0
DA:158,0
DA:161,0
DA:162,0
DA:163,0
DA:164,0
DA:165,0
DA:166,0
DA:168,0
DA:169,0
DA:170,0
DA:171,0
DA:172,0
DA:173,0
DA:174,0
DA:175,0
DA:178,0
DA:179,0
DA:180,0
DA:183,0
DA:184,0
DA:191,0
DA:192,0
DA:201,0
DA:202,0
DA:203,0
DA:204,0
DA:206,0
DA:208,0
DA:210,0
DA:211,0
DA:216,0
DA:219,0
DA:220,0
DA:230,0
DA:231,0
DA:234,0
DA:235,0
DA:236,0
DA:237,0
DA:241,0
DA:242,0
DA:245,0
DA:246,0
DA:247,0
DA:248,0
DA:253,0
DA:254,0
DA:257,0
DA:273,0
DA:274,0
DA:277,0
DA:292,0
DA:296,0
DA:297,0
DA:299,0
DA:300,0
DA:301,0
DA:304,0
DA:305,0
DA:316,0
DA:326,0
DA:330,0
LF:118
LH:0
BRDA:70,0,0,0
BRDA:70,0,1,0
BRDA:70,1,0,0
BRDA:70,1,1,0
BRDA:96,2,0,0
BRDA:96,2,1,0
BRDA:98,3,0,0
BRDA:98,3,1,0
BRDA:104,4,0,0
BRDA:104,4,1,0
BRDA:141,5,0,0
BRDA:141,5,1,0
BRDA:153,6,0,0
BRDA:153,6,1,0
BRDA:204,7,0,0
BRDA:204,7,1,0
BRDA:265,8,0,0
BRDA:265,8,1,0
BRDA:304,9,0,0
BRDA:304,9,1,0
BRF:20
BRH:0
end_of_record
TN:
SF:src/controllers/analytics.controller.js
FN:14,(anonymous_0)
FN:65,(anonymous_1)
FN:117,(anonymous_2)
FN:168,(anonymous_3)
FN:262,(anonymous_4)
FN:337,(anonymous_5)
FN:401,(anonymous_6)
FN:485,(anonymous_7)
FN:568,(anonymous_8)
FNF:9
FNH:0
FNDA:0,(anonymous_0)
FNDA:0,(anonymous_1)
FNDA:0,(anonymous_2)
FNDA:0,(anonymous_3)
FNDA:0,(anonymous_4)
FNDA:0,(anonymous_5)
FNDA:0,(anonymous_6)
FNDA:0,(anonymous_7)
FNDA:0,(anonymous_8)
DA:1,0
DA:2,0
DA:3,0
DA:4,0
DA:15,0
DA:22,0
DA:24,0
DA:26,0
DA:27,0
DA:30,0
DA:39,0
DA:46,0
DA:53,0
DA:54,0
DA:66,0
DA:73,0
DA:75,0
DA:77,0
DA:78,0
DA:81,0
DA:90,0
DA:98,0
DA:105,0
DA:106,0
DA:118,0
DA:125,0
DA:127,0
DA:129,0
DA:130,0
DA:133,0
DA:142,0
DA:149,0
DA:156,0
DA:157,0
DA:169,0
DA:174,0
DA:176,0
DA:178,0
DA:179,0
DA:183,0
DA:208,0
DA:236,0
DA:243,0
DA:250,0
DA:251,0
DA:263,0
DA:264,0
DA:265,0
DA:267,0
DA:268,0
DA:272,0
DA:273,0
DA:275,0
DA:299,0
DA:318,0
DA:325,0
DA:326,0
DA:338,0
DA:340,0
DA:342,0
DA:350,0
DA:351,0
DA:361,0
DA:369,0
DA:370,0
DA:380,0
DA:381,0
DA:390,0
DA:393,0
DA:394,0
DA:402,0
DA:404,0
DA:406,0
DA:414,0
DA:415,0
DA:429,0
DA:437,0
DA:438,0
DA:452,0
DA:460,0
DA:461,0
DA:474,0
DA:477,0
DA:478,0
DA:486,0
DA:493,0
DA:495,0
DA:497,0
DA:498,0
DA:502,0
DA:504,0
DA:511,0
DA:513,0
DA:520,0
DA:522,0
DA:529,0
DA:531,0
DA:532,0
DA:534,0
DA:538,0
DA:539,0
DA:540,0
DA:541,0
DA:542,0
DA:543,0
DA:545,0
DA:548,0
DA:556,0
DA:557,0
DA:570,0
DA:574,0
LF:111
LH:0
BRDA:19,0,0,0
BRDA:20,1,0,0
BRDA:21,2,0,0
BRDA:24,3,0,0
BRDA:24,3,1,0
BRDA:26,4,0,0
BRDA:26,4,1,0
BRDA:71,5,0,0
BRDA:72,6,0,0
BRDA:75,7,0,0
BRDA:75,7,1,0
BRDA:77,8,0,0
BRDA:77,8,1,0
BRDA:122,9,0,0
BRDA:123,10,0,0
BRDA:124,11,0,0
BRDA:127,12,0,0
BRDA:127,12,1,0
BRDA:129,13,0,0
BRDA:129,13,1,0
BRDA:173,14,0,0
BRDA:176,15,0,0
BRDA:176,15,1,0
BRDA:178,16,0,0
BRDA:178,16,1,0
BRDA:264,17,0,0
BRDA:265,18,0,0
BRDA:265,18,1,0
BRDA:267,19,0,0
BRDA:267,19,1,0
BRDA:350,20,0,0
BRDA:350,20,1,0
BRDA:369,21,0,0
BRDA:369,21,1,0
BRDA:380,22,0,0
BRDA:380,22,1,0
BRDA:414,23,0,0
BRDA:414,23,1,0
BRDA:437,24,0,0
BRDA:437,24,1,0
BRDA:460,25,0,0
BRDA:460,25,1,0
BRDA:491,26,0,0
BRDA:492,27,0,0
BRDA:495,28,0,0
BRDA:495,28,1,0
BRDA:497,29,0,0
BRDA:497,29,1,0
BRDA:502,30,0,0
BRDA:502,30,1,0
BRDA:502,30,2,0
BRDA:502,30,3,0
BRDA:502,30,4,0
BRDA:538,31,0,0
BRDA:538,31,1,0
BRDA:543,32,0,0
BRDA:543,32,1,0
BRF:57
BRH:0
end_of_record
TN:
SF:src/controllers/auditLog.controller.js
FN:3,(anonymous_0)
FNF:1
FNH:0
FNDA:0,(anonymous_0)
DA:1,0
DA:3,0
DA:4,0
DA:5,0
DA:6,0
DA:8,0
LF:6
LH:0
BRF:0
BRH:0
end_of_record
TN:
SF:src/controllers/auth-fixed.controller.js
FN:22,(anonymous_0)
FN:39,(anonymous_1)
FN:56,(anonymous_2)
FN:149,(anonymous_3)
FN:269,(anonymous_4)
FN:362,(anonymous_5)
FN:384,(anonymous_6)
FNF:7
FNH:0
FNDA:0,(anonymous_0)
FNDA:0,(anonymous_1)
FNDA:0,(anonymous_2)
FNDA:0,(anonymous_3)
FNDA:0,(anonymous_4)
FNDA:0,(anonymous_5)
FNDA:0,(anonymous_6)
DA:1,0
DA:3,0
DA:5,0
DA:6,0
DA:7,0
DA:8,0
DA:10,0
DA:13,0
DA:14,0
DA:17,0
DA:18,0
DA:22,0
DA:23,0
DA:24,0
DA:27,0
DA:39,0
DA:40,0
DA:41,0
DA:44,0
DA:57,0
DA:58,0
DA:59,0
DA:60,0
DA:67,0
DA:70,0
DA:79,0
DA:80,0
DA:87,0
DA:94,0
DA:95,0
DA:102,0
DA:103,0
DA:104,0
DA:105,0
DA:113,0
DA:125,0
DA:127,0
DA:141,0
DA:142,0
DA:150,0
DA:151,0
DA:152,0
DA:153,0
DA:160,0
DA:163,0
DA:164,0
DA:165,0
DA:172,0
DA:175,0
DA:176,0
DA:183,0
DA:184,0
DA:191,0
DA:192,0
DA:193,0
DA:194,0
DA:201,0
DA:202,0
DA:206,0
DA:207,0
DA:210,0
DA:211,0
DA:212,0
DA:220,0
DA:226,0
DA:232,0
DA:233,0
DA:240,0
DA:261,0
DA:262,0
DA:270,0
DA:271,0
DA:273,0
DA:274,0
DA:282,0
DA:283,0
DA:285,0
DA:292,0
DA:293,0
DA:300,0
DA:305,0
DA:306,0
DA:313,0
DA:314,0
DA:315,0
DA:322,0
DA:325,0
DA:326,0
DA:333,0
DA:339,0
DA:354,0
DA:355,0
DA:363,0
DA:364,0
DA:366,0
DA:368,0
DA:371,0
DA:376,0
DA:377,0
DA:385,0
DA:386,0
DA:389,0
DA:391,0
DA:396,0
DA:397,0
DA:405,0
LF:106
LH:0
BRDA:17,0,0,0
BRDA:17,0,1,0
BRDA:17,1,0,0
BRDA:17,1,1,0
BRDA:23,2,0,0
BRDA:23,2,1,0
BRDA:23,3,0,0
BRDA:23,3,1,0
BRDA:40,4,0,0
BRDA:40,4,1,0
BRDA:59,5,0,0
BRDA:59,5,1,0
BRDA:67,6,0,0
BRDA:79,7,0,0
BRDA:79,7,1,0
BRDA:94,8,0,0
BRDA:94,8,1,0
BRDA:102,9,0,0
BRDA:102,9,1,0
BRDA:102,10,0,0
BRDA:102,10,1,0
BRDA:104,11,0,0
BRDA:104,11,1,0
BRDA:121,12,0,0
BRDA:121,12,1,0
BRDA:152,13,0,0
BRDA:152,13,1,0
BRDA:164,14,0,0
BRDA:164,14,1,0
BRDA:175,15,0,0
BRDA:175,15,1,0
BRDA:183,16,0,0
BRDA:183,16,1,0
BRDA:192,17,0,0
BRDA:192,17,1,0
BRDA:201,18,0,0
BRDA:201,18,1,0
BRDA:210,19,0,0
BRDA:210,19,1,0
BRDA:210,20,0,0
BRDA:210,20,1,0
BRDA:211,21,0,0
BRDA:211,21,1,0
BRDA:273,22,0,0
BRDA:273,22,1,0
BRDA:292,23,0,0
BRDA:292,23,1,0
BRDA:305,24,0,0
BRDA:305,24,1,0
BRDA:313,25,0,0
BRDA:313,25,1,0
BRDA:325,26,0,0
BRDA:325,26,1,0
BRDA:325,27,0,0
BRDA:325,27,1,0
BRDA:366,28,0,0
BRDA:366,28,1,0
BRF:57
BRH:0
end_of_record
TN:
SF:src/controllers/auth.controller.js
FN:24,(anonymous_0)
FN:69,(anonymous_1)
FN:168,(anonymous_2)
FN:195,(anonymous_3)
FN:229,(anonymous_4)
FN:268,(anonymous_5)
FN:279,(anonymous_6)
FN:312,(anonymous_7)
FN:347,(anonymous_8)
FN:399,(anonymous_9)
FN:458,(anonymous_10)
FN:463,(anonymous_11)
FNF:12
FNH:0
FNDA:0,(anonymous_0)
FNDA:0,(anonymous_1)
FNDA:0,(anonymous_2)
FNDA:0,(anonymous_3)
FNDA:0,(anonymous_4)
FNDA:0,(anonymous_5)
FNDA:0,(anonymous_6)
FNDA:0,(anonymous_7)
FNDA:0,(anonymous_8)
FNDA:0,(anonymous_9)
FNDA:0,(anonymous_10)
FNDA:0,(anonymous_11)
DA:1,0
DA:3,0
DA:6,0
DA:7,0
DA:8,0
DA:9,0
DA:10,0
DA:11,0
DA:12,0
DA:25,0
DA:26,0
DA:29,0
DA:33,0
DA:34,0
DA:41,0
DA:53,0
DA:55,0
DA:61,0
DA:62,0
DA:70,0
DA:71,0
DA:74,0
DA:76,0
DA:77,0
DA:84,0
DA:85,0
DA:92,0
DA:93,0
DA:94,0
DA:95,0
DA:102,0
DA:105,0
DA:106,0
DA:109,0
DA:110,0
DA:111,0
DA:119,0
DA:132,0
DA:133,0
DA:134,0
DA:141,0
DA:160,0
DA:161,0
DA:169,0
DA:170,0
DA:175,0
DA:176,0
DA:182,0
DA:187,0
DA:188,0
DA:196,0
DA:197,0
DA:199,0
DA:201,0
DA:202,0
DA:209,0
DA:210,0
DA:211,0
DA:213,0
DA:215,0
DA:221,0
DA:222,0
DA:230,0
DA:231,0
DA:233,0
DA:235,0
DA:236,0
DA:243,0
DA:244,0
DA:245,0
DA:252,0
DA:253,0
DA:255,0
DA:260,0
DA:261,0
DA:269,0
DA:270,0
DA:271,0
DA:272,0
DA:273,0
DA:275,0
DA:280,0
DA:281,0
DA:282,0
DA:283,0
DA:284,0
DA:285,0
DA:286,0
DA:290,0
DA:291,0
DA:293,0
DA:294,0
DA:297,0
DA:298,0
DA:299,0
DA:306,0
DA:308,0
DA:313,0
DA:315,0
DA:318,0
DA:319,0
DA:325,0
DA:339,0
DA:340,0
DA:348,0
DA:349,0
DA:350,0
DA:352,0
DA:353,0
DA:359,0
DA:360,0
DA:361,0
DA:362,0
DA:363,0
DA:370,0
DA:377,0
DA:379,0
DA:391,0
DA:392,0
DA:400,0
DA:401,0
DA:402,0
DA:404,0
DA:405,0
DA:412,0
DA:413,0
DA:414,0
DA:418,0
DA:422,0
DA:423,0
DA:430,0
DA:442,0
DA:444,0
DA:450,0
DA:451,0
DA:460,0
DA:465,0
DA:469,0
LF:138
LH:0
BRDA:9,0,0,0
BRDA:9,0,1,0
BRDA:10,1,0,0
BRDA:10,1,1,0
BRDA:26,2,0,0
BRDA:33,3,0,0
BRDA:33,3,1,0
BRDA:76,4,0,0
BRDA:76,4,1,0
BRDA:84,5,0,0
BRDA:84,5,1,0
BRDA:93,6,0,0
BRDA:93,6,1,0
BRDA:109,7,0,0
BRDA:109,7,1,0
BRDA:109,8,0,0
BRDA:109,8,1,0
BRDA:110,9,0,0
BRDA:110,9,1,0
BRDA:175,10,0,0
BRDA:175,10,1,0
BRDA:201,11,0,0
BRDA:201,11,1,0
BRDA:209,12,0,0
BRDA:209,12,1,0
BRDA:210,13,0,0
BRDA:210,13,1,0
BRDA:211,14,0,0
BRDA:211,14,1,0
BRDA:235,15,0,0
BRDA:235,15,1,0
BRDA:244,16,0,0
BRDA:244,16,1,0
BRDA:271,17,0,0
BRDA:271,17,1,0
BRDA:282,18,0,0
BRDA:282,18,1,0
BRDA:284,19,0,0
BRDA:284,19,1,0
BRDA:284,20,0,0
BRDA:284,20,1,0
BRDA:285,21,0,0
BRDA:285,21,1,0
BRDA:298,22,0,0
BRDA:298,22,1,0
BRDA:318,23,0,0
BRDA:318,23,1,0
BRDA:318,24,0,0
BRDA:318,24,1,0
BRDA:349,25,0,0
BRDA:349,26,0,0
BRDA:352,27,0,0
BRDA:352,27,1,0
BRDA:360,28,0,0
BRDA:360,28,1,0
BRDA:361,29,0,0
BRDA:361,29,1,0
BRDA:362,30,0,0
BRDA:362,30,1,0
BRDA:404,31,0,0
BRDA:404,31,1,0
BRDA:413,32,0,0
BRDA:413,32,1,0
BRDA:422,33,0,0
BRDA:422,33,1,0
BRF:65
BRH:0
end_of_record
TN:
SF:src/controllers/cryptoOrder.controller.js
FN:9,(anonymous_0)
FN:40,(anonymous_1)
FN:54,(anonymous_2)
FN:67,(anonymous_3)
FN:85,(anonymous_4)
FN:104,(anonymous_5)
FN:126,(anonymous_6)
FN:143,(anonymous_7)
FN:180,(anonymous_8)
FN:200,(anonymous_9)
FN:220,(anonymous_10)
FN:341,(anonymous_11)
FN:355,(anonymous_12)
FN:356,(anonymous_13)
FN:357,(anonymous_14)
FN:365,(anonymous_15)
FN:373,(anonymous_16)
FNF:17
FNH:0
FNDA:0,(anonymous_0)
FNDA:0,(anonymous_1)
FNDA:0,(anonymous_2)
FNDA:0,(anonymous_3)
FNDA:0,(anonymous_4)
FNDA:0,(anonymous_5)
FNDA:0,(anonymous_6)
FNDA:0,(anonymous_7)
FNDA:0,(anonymous_8)
FNDA:0,(anonymous_9)
FNDA:0,(anonymous_10)
FNDA:0,(anonymous_11)
FNDA:0,(anonymous_12)
FNDA:0,(anonymous_13)
FNDA:0,(anonymous_14)
FNDA:0,(anonymous_15)
FNDA:0,(anonymous_16)
DA:1,0
DA:2,0
DA:3,0
DA:4,0
DA:5,0
DA:6,0
DA:9,0
DA:10,0
DA:11,0
DA:12,0
DA:13,0
DA:15,0
DA:16,0
DA:17,0
DA:33,0
DA:35,0
DA:40,0
DA:41,0
DA:42,0
DA:43,0
DA:44,0
DA:45,0
DA:46,0
DA:47,0
DA:49,0
DA:54,0
DA:55,0
DA:56,0
DA:57,0
DA:58,0
DA:60,0
DA:62,0
DA:67,0
DA:68,0
DA:69,0
DA:70,0
DA:71,0
DA:73,0
DA:74,0
DA:75,0
DA:76,0
DA:77,0
DA:78,0
DA:80,0
DA:85,0
DA:86,0
DA:87,0
DA:88,0
DA:89,0
DA:91,0
DA:92,0
DA:94,0
DA:95,0
DA:96,0
DA:97,0
DA:99,0
DA:104,0
DA:105,0
DA:106,0
DA:107,0
DA:108,0
DA:110,0
DA:111,0
DA:112,0
DA:114,0
DA:115,0
DA:116,0
DA:117,0
DA:118,0
DA:119,0
DA:121,0
DA:126,0
DA:127,0
DA:128,0
DA:129,0
DA:130,0
DA:133,0
DA:134,0
DA:135,0
DA:136,0
DA:138,0
DA:143,0
DA:144,0
DA:145,0
DA:146,0
DA:147,0
DA:153,0
DA:154,0
DA:155,0
DA:173,0
DA:175,0
DA:180,0
DA:181,0
DA:182,0
DA:183,0
DA:184,0
DA:186,0
DA:187,0
DA:189,0
DA:190,0
DA:191,0
DA:192,0
DA:193,0
DA:195,0
DA:200,0
DA:201,0
DA:202,0
DA:203,0
DA:204,0
DA:206,0
DA:207,0
DA:209,0
DA:210,0
DA:211,0
DA:212,0
DA:213,0
DA:215,0
DA:220,0
DA:221,0
DA:222,0
DA:223,0
DA:224,0
DA:226,0
DA:227,0
DA:231,0
DA:238,0
DA:239,0
DA:252,0
DA:253,0
DA:254,0
DA:263,0
DA:264,0
DA:266,0
DA:267,0
DA:268,0
DA:270,0
DA:271,0
DA:274,0
DA:284,0
DA:293,0
DA:295,0
DA:296,0
DA:298,0
DA:299,0
DA:300,0
DA:302,0
DA:303,0
DA:306,0
DA:316,0
DA:326,0
DA:327,0
DA:329,0
DA:330,0
DA:331,0
DA:332,0
DA:333,0
DA:334,0
DA:336,0
DA:341,0
DA:342,0
DA:343,0
DA:344,0
DA:345,0
DA:346,0
DA:347,0
DA:348,0
DA:349,0
DA:350,0
DA:351,0
DA:353,0
DA:355,0
DA:356,0
DA:357,0
DA:358,0
DA:360,0
DA:365,0
DA:366,0
DA:368,0
DA:372,0
DA:373,0
DA:383,0
DA:385,0
LF:182
LH:0
BRDA:12,0,0,0
BRDA:12,0,1,0
BRDA:43,1,0,0
BRDA:43,1,1,0
BRDA:44,2,0,0
BRDA:44,2,1,0
BRDA:45,3,0,0
BRDA:45,3,1,0
BRDA:57,4,0,0
BRDA:57,4,1,0
BRDA:57,5,0,0
BRDA:57,5,1,0
BRDA:70,6,0,0
BRDA:70,6,1,0
BRDA:70,7,0,0
BRDA:70,7,1,0
BRDA:88,8,0,0
BRDA:88,8,1,0
BRDA:88,9,0,0
BRDA:88,9,1,0
BRDA:91,10,0,0
BRDA:91,10,1,0
BRDA:107,11,0,0
BRDA:107,11,1,0
BRDA:111,12,0,0
BRDA:111,12,1,0
BRDA:129,13,0,0
BRDA:129,13,1,0
BRDA:146,14,0,0
BRDA:146,14,1,0
BRDA:183,15,0,0
BRDA:183,15,1,0
BRDA:186,16,0,0
BRDA:186,16,1,0
BRDA:203,17,0,0
BRDA:203,17,1,0
BRDA:206,18,0,0
BRDA:206,18,1,0
BRDA:223,19,0,0
BRDA:223,19,1,0
BRDA:226,20,0,0
BRDA:226,20,1,0
BRDA:238,21,0,0
BRDA:238,21,1,0
BRDA:253,22,0,0
BRDA:253,22,1,0
BRDA:263,23,0,0
BRDA:263,23,1,0
BRDA:264,24,0,0
BRDA:264,24,1,0
BRDA:270,25,0,0
BRDA:270,25,1,0
BRDA:270,26,0,0
BRDA:270,26,1,0
BRDA:293,27,0,0
BRDA:293,27,1,0
BRDA:295,28,0,0
BRDA:295,28,1,0
BRDA:302,29,0,0
BRDA:302,29,1,0
BRDA:302,30,0,0
BRDA:302,30,1,0
BRDA:345,31,0,0
BRDA:345,31,1,0
BRDA:346,32,0,0
BRDA:346,32,1,0
BRDA:347,33,0,0
BRDA:347,33,1,0
BRDA:348,34,0,0
BRDA:348,34,1,0
BRDA:348,35,0,0
BRDA:348,35,1,0
BRDA:350,36,0,0
BRDA:350,36,1,0
BRDA:351,37,0,0
BRDA:351,37,1,0
BRDA:355,38,0,0
BRDA:355,38,1,0
BRDA:356,39,0,0
BRDA:356,39,1,0
BRDA:357,40,0,0
BRDA:357,40,1,0
BRF:82
BRH:0
end_of_record
TN:
SF:src/controllers/currencyTransaction.controller.js
FN:14,(anonymous_0)
FN:21,(anonymous_1)
FN:32,(anonymous_2)
FN:46,(anonymous_3)
FN:91,(anonymous_4)
FN:199,(anonymous_5)
FN:235,(anonymous_6)
FN:296,(anonymous_7)
FN:364,(anonymous_8)
FN:419,(anonymous_9)
FNF:10
FNH:0
FNDA:0,(anonymous_0)
FNDA:0,(anonymous_1)
FNDA:0,(anonymous_2)
FNDA:0,(anonymous_3)
FNDA:0,(anonymous_4)
FNDA:0,(anonymous_5)
FNDA:0,(anonymous_6)
FNDA:0,(anonymous_7)
FNDA:0,(anonymous_8)
FNDA:0,(anonymous_9)
DA:1,0
DA:2,0
DA:3,0
DA:4,0
DA:6,0
DA:7,0
DA:8,0
DA:9,0
DA:10,0
DA:13,0
DA:15,0
DA:16,0
DA:17,0
DA:19,0
DA:22,0
DA:23,0
DA:27,0
DA:33,0
DA:34,0
DA:35,0
DA:37,0
DA:38,0
DA:40,0
DA:46,0
DA:47,0
DA:48,0
DA:49,0
DA:51,0
DA:53,0
DA:54,0
DA:55,0
DA:56,0
DA:57,0
DA:59,0
DA:68,0
DA:70,0
DA:81,0
DA:82,0
DA:91,0
DA:92,0
DA:93,0
DA:94,0
DA:95,0
DA:115,0
DA:118,0
DA:123,0
DA:124,0
DA:131,0
DA:137,0
DA:138,0
DA:145,0
DA:146,0
DA:147,0
DA:148,0
DA:149,0
DA:153,0
DA:172,0
DA:175,0
DA:178,0
DA:179,0
DA:180,0
DA:181,0
DA:183,0
DA:189,0
DA:190,0
DA:199,0
DA:200,0
DA:201,0
DA:203,0
DA:211,0
DA:212,0
DA:218,0
DA:223,0
DA:224,0
DA:233,0
DA:236,0
DA:237,0
DA:239,0
DA:240,0
DA:246,0
DA:251,0
DA:252,0
DA:258,0
DA:259,0
DA:260,0
DA:267,0
DA:273,0
DA:274,0
DA:276,0
DA:285,0
DA:286,0
DA:296,0
DA:297,0
DA:298,0
DA:299,0
DA:301,0
DA:306,0
DA:307,0
DA:313,0
DA:314,0
DA:315,0
DA:321,0
DA:323,0
DA:324,0
DA:325,0
DA:326,0
DA:327,0
DA:328,0
DA:330,0
DA:331,0
DA:332,0
DA:333,0
DA:334,0
DA:337,0
DA:338,0
DA:341,0
DA:342,0
DA:344,0
DA:354,0
DA:355,0
DA:364,0
DA:365,0
DA:366,0
DA:367,0
DA:369,0
DA:374,0
DA:375,0
DA:381,0
DA:382,0
DA:384,0
DA:385,0
DA:388,0
DA:389,0
DA:394,0
DA:395,0
DA:399,0
DA:409,0
DA:410,0
DA:419,0
DA:420,0
DA:421,0
DA:423,0
DA:424,0
DA:426,0
DA:427,0
DA:429,0
DA:430,0
DA:432,0
DA:433,0
DA:435,0
DA:436,0
DA:439,0
DA:462,0
DA:481,0
DA:496,0
DA:497,0
DA:505,0
LF:157
LH:0
BRDA:16,0,0,0
BRDA:16,0,1,0
BRDA:37,1,0,0
BRDA:37,1,1,0
BRDA:37,2,0,0
BRDA:37,2,1,0
BRDA:48,3,0,0
BRDA:48,4,0,0
BRDA:51,5,0,0
BRDA:51,5,1,0
BRDA:53,6,0,0
BRDA:53,6,1,0
BRDA:54,7,0,0
BRDA:54,7,1,0
BRDA:55,8,0,0
BRDA:55,8,1,0
BRDA:56,9,0,0
BRDA:56,9,1,0
BRDA:57,10,0,0
BRDA:57,10,1,0
BRDA:94,11,0,0
BRDA:94,11,1,0
BRDA:119,12,0,0
BRDA:119,12,1,0
BRDA:123,13,0,0
BRDA:123,13,1,0
BRDA:123,14,0,0
BRDA:123,14,1,0
BRDA:132,15,0,0
BRDA:132,15,1,0
BRDA:137,16,0,0
BRDA:137,16,1,0
BRDA:146,17,0,0
BRDA:146,17,1,0
BRDA:146,18,0,0
BRDA:146,18,1,0
BRDA:147,19,0,0
BRDA:147,19,1,0
BRDA:148,20,0,0
BRDA:148,20,1,0
BRDA:149,21,0,0
BRDA:149,21,1,0
BRDA:154,22,0,0
BRDA:154,22,1,0
BRDA:205,23,0,0
BRDA:205,23,1,0
BRDA:211,24,0,0
BRDA:211,24,1,0
BRDA:239,25,0,0
BRDA:239,25,1,0
BRDA:248,26,0,0
BRDA:248,26,1,0
BRDA:251,27,0,0
BRDA:251,27,1,0
BRDA:259,28,0,0
BRDA:259,28,1,0
BRDA:303,29,0,0
BRDA:303,29,1,0
BRDA:306,30,0,0
BRDA:306,30,1,0
BRDA:314,31,0,0
BRDA:314,31,1,0
BRDA:323,32,0,0
BRDA:323,32,1,0
BRDA:341,33,0,0
BRDA:341,33,1,0
BRDA:346,34,0,0
BRDA:346,34,1,0
BRDA:371,35,0,0
BRDA:371,35,1,0
BRDA:374,36,0,0
BRDA:374,36,1,0
BRDA:388,37,0,0
BRDA:388,37,1,0
BRDA:390,38,0,0
BRDA:390,38,1,0
BRDA:394,39,0,0
BRDA:394,39,1,0
BRDA:421,40,0,0
BRDA:424,41,0,0
BRDA:424,41,1,0
BRDA:424,41,2,0
BRDA:424,41,3,0
BRDA:442,42,0,0
BRDA:442,42,1,0
BRDA:465,43,0,0
BRDA:465,43,1,0
BRDA:485,44,0,0
BRDA:485,44,1,0
BRF:89
BRH:0
end_of_record
TN:
SF:src/controllers/customer.controller.js
FN:7,(anonymous_0)
FN:47,(anonymous_1)
FN:80,(anonymous_2)
FN:161,(anonymous_3)
FNF:4
FNH:0
FNDA:0,(anonymous_0)
FNDA:0,(anonymous_1)
FNDA:0,(anonymous_2)
FNDA:0,(anonymous_3)
DA:1,0
DA:2,0
DA:3,0
DA:8,0
DA:9,0
DA:12,0
DA:15,0
DA:16,0
DA:19,0
DA:26,0
DA:28,0
DA:39,0
DA:48,0
DA:49,0
DA:51,0
DA:57,0
DA:58,0
DA:61,0
DA:65,0
DA:66,0
DA:69,0
DA:72,0
DA:81,0
DA:83,0
DA:84,0
DA:85,0
DA:91,0
DA:94,0
DA:95,0
DA:96,0
DA:102,0
DA:103,0
DA:110,0
DA:115,0
DA:116,0
DA:122,0
DA:133,0
DA:136,0
DA:150,0
DA:153,0
DA:162,0
DA:163,0
DA:164,0
DA:167,0
DA:168,0
DA:173,0
DA:185,0
DA:192,0
DA:200,0
LF:49
LH:0
BRDA:9,0,0,0
BRDA:9,1,0,0
BRDA:15,2,0,0
BRDA:15,2,1,0
BRDA:57,3,0,0
BRDA:57,3,1,0
BRDA:65,4,0,0
BRDA:65,4,1,0
BRDA:84,5,0,0
BRDA:84,5,1,0
BRDA:91,6,0,0
BRDA:95,7,0,0
BRDA:95,7,1,0
BRDA:95,8,0,0
BRDA:95,8,1,0
BRDA:102,9,0,0
BRDA:102,9,1,0
BRDA:115,10,0,0
BRDA:115,10,1,0
BRDA:167,11,0,0
BRDA:167,11,1,0
BRDA:177,12,0,0
BRDA:177,12,1,0
BRF:23
BRH:0
end_of_record
TN:
SF:src/controllers/customerBanking.controller.js
FN:10,(anonymous_0)
FN:39,(anonymous_1)
FN:88,(anonymous_2)
FN:178,(anonymous_3)
FN:222,(anonymous_4)
FN:256,(anonymous_5)
FN:294,(anonymous_6)
FN:404,(anonymous_7)
FN:444,(anonymous_8)
FN:511,(anonymous_9)
FNF:10
FNH:0
FNDA:0,(anonymous_0)
FNDA:0,(anonymous_1)
FNDA:0,(anonymous_2)
FNDA:0,(anonymous_3)
FNDA:0,(anonymous_4)
FNDA:0,(anonymous_5)
FNDA:0,(anonymous_6)
FNDA:0,(anonymous_7)
FNDA:0,(anonymous_8)
FNDA:0,(anonymous_9)
DA:1,0
DA:2,0
DA:3,0
DA:4,0
DA:6,0
DA:7,0
DA:10,0
DA:11,0
DA:12,0
DA:17,0
DA:18,0
DA:24,0
DA:29,0
DA:30,0
DA:39,0
DA:40,0
DA:41,0
DA:42,0
DA:44,0
DA:49,0
DA:50,0
DA:51,0
DA:52,0
DA:53,0
DA:54,0
DA:55,0
DA:58,0
DA:65,0
DA:67,0
DA:78,0
DA:79,0
DA:88,0
DA:89,0
DA:90,0
DA:91,0
DA:92,0
DA:108,0
DA:111,0
DA:116,0
DA:117,0
DA:124,0
DA:125,0
DA:126,0
DA:133,0
DA:134,0
DA:140,0
DA:154,0
DA:157,0
DA:160,0
DA:162,0
DA:168,0
DA:169,0
DA:178,0
DA:179,0
DA:180,0
DA:181,0
DA:183,0
DA:188,0
DA:189,0
DA:191,0
DA:199,0
DA:201,0
DA:212,0
DA:213,0
DA:222,0
DA:223,0
DA:224,0
DA:226,0
DA:234,0
DA:235,0
DA:241,0
DA:246,0
DA:247,0
DA:256,0
DA:257,0
DA:258,0
DA:260,0
DA:267,0
DA:268,0
DA:274,0
DA:275,0
DA:277,0
DA:279,0
DA:284,0
DA:285,0
DA:294,0
DA:295,0
DA:296,0
DA:298,0
DA:299,0
DA:301,0
DA:302,0
DA:304,0
DA:305,0
DA:307,0
DA:308,0
DA:310,0
DA:311,0
DA:314,0
DA:338,0
DA:358,0
DA:378,0
DA:394,0
DA:395,0
DA:404,0
DA:405,0
DA:406,0
DA:407,0
DA:409,0
DA:411,0
DA:412,0
DA:414,0
DA:421,0
DA:423,0
DA:434,0
DA:435,0
DA:444,0
DA:445,0
DA:446,0
DA:447,0
DA:448,0
DA:461,0
DA:464,0
DA:469,0
DA:470,0
DA:476,0
DA:486,0
DA:489,0
DA:492,0
DA:493,0
DA:495,0
DA:501,0
DA:502,0
DA:511,0
DA:512,0
DA:513,0
DA:514,0
DA:516,0
DA:521,0
DA:522,0
DA:528,0
DA:529,0
DA:530,0
DA:531,0
DA:532,0
DA:533,0
DA:536,0
DA:541,0
DA:542,0
DA:545,0
DA:565,0
DA:569,0
DA:574,0
DA:575,0
DA:583,0
LF:155
LH:0
BRDA:13,0,0,0
BRDA:13,0,1,0
BRDA:17,1,0,0
BRDA:17,1,1,0
BRDA:41,2,0,0
BRDA:41,3,0,0
BRDA:45,4,0,0
BRDA:45,4,1,0
BRDA:49,5,0,0
BRDA:49,5,1,0
BRDA:50,6,0,0
BRDA:50,6,1,0
BRDA:51,7,0,0
BRDA:51,7,1,0
BRDA:52,8,0,0
BRDA:52,8,1,0
BRDA:52,9,0,0
BRDA:52,9,1,0
BRDA:54,10,0,0
BRDA:54,10,1,0
BRDA:55,11,0,0
BRDA:55,11,1,0
BRDA:91,12,0,0
BRDA:91,12,1,0
BRDA:112,13,0,0
BRDA:112,13,1,0
BRDA:116,14,0,0
BRDA:116,14,1,0
BRDA:125,15,0,0
BRDA:125,15,1,0
BRDA:133,16,0,0
BRDA:133,16,1,0
BRDA:141,17,0,0
BRDA:141,17,1,0
BRDA:180,18,0,0
BRDA:180,19,0,0
BRDA:184,20,0,0
BRDA:184,20,1,0
BRDA:188,21,0,0
BRDA:188,21,1,0
BRDA:189,22,0,0
BRDA:189,22,1,0
BRDA:228,23,0,0
BRDA:228,23,1,0
BRDA:234,24,0,0
BRDA:234,24,1,0
BRDA:262,25,0,0
BRDA:262,25,1,0
BRDA:267,26,0,0
BRDA:267,26,1,0
BRDA:296,27,0,0
BRDA:299,28,0,0
BRDA:299,28,1,0
BRDA:299,28,2,0
BRDA:299,28,3,0
BRDA:317,29,0,0
BRDA:317,29,1,0
BRDA:341,30,0,0
BRDA:341,30,1,0
BRDA:361,31,0,0
BRDA:361,31,1,0
BRDA:382,32,0,0
BRDA:382,32,1,0
BRDA:406,33,0,0
BRDA:406,34,0,0
BRDA:409,35,0,0
BRDA:409,35,1,0
BRDA:411,36,0,0
BRDA:411,36,1,0
BRDA:412,37,0,0
BRDA:412,37,1,0
BRDA:447,38,0,0
BRDA:447,38,1,0
BRDA:465,39,0,0
BRDA:465,39,1,0
BRDA:469,40,0,0
BRDA:469,40,1,0
BRDA:477,41,0,0
BRDA:477,41,1,0
BRDA:518,42,0,0
BRDA:518,42,1,0
BRDA:521,43,0,0
BRDA:521,43,1,0
BRDA:528,44,0,0
BRDA:528,44,1,0
BRDA:530,45,0,0
BRDA:530,45,1,0
BRDA:532,46,0,0
BRDA:532,46,1,0
BRDA:537,47,0,0
BRDA:537,47,1,0
BRDA:541,48,0,0
BRDA:541,48,1,0
BRDA:546,49,0,0
BRDA:546,49,1,0
BRDA:554,50,0,0
BRDA:554,50,1,0
BRF:97
BRH:0
end_of_record
TN:
SF:src/controllers/dashboard.controller.js
FN:5,(anonymous_0)
FN:15,(anonymous_1)
FN:26,(anonymous_2)
FN:38,(anonymous_3)
FN:50,(anonymous_4)
FNF:5
FNH:0
FNDA:0,(anonymous_0)
FNDA:0,(anonymous_1)
FNDA:0,(anonymous_2)
FNDA:0,(anonymous_3)
FNDA:0,(anonymous_4)
DA:1,0
DA:3,0
DA:6,0
DA:7,0
DA:8,0
DA:10,0
DA:16,0
DA:17,0
DA:18,0
DA:19,0
DA:21,0
DA:27,0
DA:28,0
DA:29,0
DA:30,0
DA:31,0
DA:33,0
DA:39,0
DA:40,0
DA:41,0
DA:42,0
DA:43,0
DA:45,0
DA:51,0
DA:52,0
DA:53,0
DA:54,0
DA:55,0
DA:57,0
DA:62,0
LF:30
LH:0
BRF:0
BRH:0
end_of_record
TN:
SF:src/controllers/debt.controller.js
FN:14,(anonymous_0)
FN:21,(anonymous_1)
FN:32,(anonymous_2)
FN:46,(anonymous_3)
FN:94,(anonymous_4)
FN:191,(anonymous_5)
FN:230,(anonymous_6)
FN:290,(anonymous_7)
FN:344,(anonymous_8)
FN:405,(anonymous_9)
FN:442,(anonymous_10)
FN:492,(anonymous_11)
FN:535,(anonymous_12)
FN:556,(anonymous_13)
FNF:14
FNH:0
FNDA:0,(anonymous_0)
FNDA:0,(anonymous_1)
FNDA:0,(anonymous_2)
FNDA:0,(anonymous_3)
FNDA:0,(anonymous_4)
FNDA:0,(anonymous_5)
FNDA:0,(anonymous_6)
FNDA:0,(anonymous_7)
FNDA:0,(anonymous_8)
FNDA:0,(anonymous_9)
FNDA:0,(anonymous_10)
FNDA:0,(anonymous_11)
FNDA:0,(anonymous_12)
FNDA:0,(anonymous_13)
DA:1,0
DA:2,0
DA:3,0
DA:4,0
DA:5,0
DA:6,0
DA:7,0
DA:8,0
DA:9,0
DA:10,0
DA:13,0
DA:15,0
DA:16,0
DA:17,0
DA:19,0
DA:22,0
DA:23,0
DA:27,0
DA:33,0
DA:34,0
DA:35,0
DA:37,0
DA:38,0
DA:40,0
DA:46,0
DA:47,0
DA:48,0
DA:49,0
DA:51,0
DA:53,0
DA:54,0
DA:55,0
DA:57,0
DA:65,0
DA:67,0
DA:78,0
DA:85,0
DA:94,0
DA:95,0
DA:96,0
DA:97,0
DA:98,0
DA:115,0
DA:118,0
DA:123,0
DA:124,0
DA:131,0
DA:137,0
DA:138,0
DA:144,0
DA:162,0
DA:165,0
DA:166,0
DA:167,0
DA:169,0
DA:175,0
DA:182,0
DA:191,0
DA:192,0
DA:193,0
DA:195,0
DA:202,0
DA:203,0
DA:209,0
DA:214,0
DA:221,0
DA:230,0
DA:231,0
DA:232,0
DA:239,0
DA:241,0
DA:246,0
DA:247,0
DA:253,0
DA:254,0
DA:255,0
DA:256,0
DA:257,0
DA:259,0
DA:261,0
DA:263,0
DA:264,0
DA:266,0
DA:272,0
DA:279,0
DA:288,0
DA:291,0
DA:292,0
DA:300,0
DA:302,0
DA:307,0
DA:308,0
DA:315,0
DA:316,0
DA:323,0
DA:343,0
DA:344,0
DA:351,0
DA:354,0
DA:357,0
DA:358,0
DA:368,0
DA:369,0
DA:370,0
DA:371,0
DA:372,0
DA:375,0
DA:378,0
DA:379,0
DA:380,0
DA:382,0
DA:394,0
DA:395,0
DA:405,0
DA:406,0
DA:407,0
DA:408,0
DA:410,0
DA:415,0
DA:416,0
DA:422,0
DA:424,0
DA:432,0
DA:433,0
DA:442,0
DA:443,0
DA:444,0
DA:445,0
DA:447,0
DA:452,0
DA:453,0
DA:459,0
DA:460,0
DA:466,0
DA:467,0
DA:468,0
DA:469,0
DA:471,0
DA:473,0
DA:474,0
DA:476,0
DA:482,0
DA:483,0
DA:492,0
DA:493,0
DA:494,0
DA:495,0
DA:497,0
DA:502,0
DA:503,0
DA:509,0
DA:510,0
DA:511,0
DA:512,0
DA:514,0
DA:516,0
DA:517,0
DA:519,0
DA:525,0
DA:526,0
DA:535,0
DA:536,0
DA:537,0
DA:539,0
DA:541,0
DA:546,0
DA:547,0
DA:556,0
DA:557,0
DA:558,0
DA:560,0
DA:565,0
DA:566,0
LF:173
LH:0
BRDA:16,0,0,0
BRDA:16,0,1,0
BRDA:37,1,0,0
BRDA:37,1,1,0
BRDA:37,2,0,0
BRDA:37,2,1,0
BRDA:48,3,0,0
BRDA:48,4,0,0
BRDA:51,5,0,0
BRDA:51,5,1,0
BRDA:53,6,0,0
BRDA:53,6,1,0
BRDA:54,7,0,0
BRDA:54,7,1,0
BRDA:55,8,0,0
BRDA:55,8,1,0
BRDA:97,9,0,0
BRDA:97,9,1,0
BRDA:120,10,0,0
BRDA:120,10,1,0
BRDA:123,11,0,0
BRDA:123,11,1,0
BRDA:134,12,0,0
BRDA:134,12,1,0
BRDA:137,13,0,0
BRDA:137,13,1,0
BRDA:145,14,0,0
BRDA:145,14,1,0
BRDA:153,15,0,0
BRDA:153,15,1,0
BRDA:154,16,0,0
BRDA:154,16,1,0
BRDA:155,17,0,0
BRDA:155,17,1,0
BRDA:156,18,0,0
BRDA:156,18,1,0
BRDA:197,19,0,0
BRDA:197,19,1,0
BRDA:202,20,0,0
BRDA:202,20,1,0
BRDA:243,21,0,0
BRDA:243,21,1,0
BRDA:246,22,0,0
BRDA:246,22,1,0
BRDA:253,23,0,0
BRDA:253,23,1,0
BRDA:254,24,0,0
BRDA:254,24,1,0
BRDA:255,25,0,0
BRDA:255,25,1,0
BRDA:256,26,0,0
BRDA:256,26,1,0
BRDA:257,27,0,0
BRDA:257,27,1,0
BRDA:304,28,0,0
BRDA:304,28,1,0
BRDA:307,29,0,0
BRDA:307,29,1,0
BRDA:315,30,0,0
BRDA:315,30,1,0
BRDA:324,31,0,0
BRDA:324,31,1,0
BRDA:331,32,0,0
BRDA:331,32,1,0
BRDA:332,33,0,0
BRDA:332,33,1,0
BRDA:335,34,0,0
BRDA:335,34,1,0
BRDA:343,35,0,0
BRDA:343,35,1,0
BRDA:343,36,0,0
BRDA:343,36,1,0
BRDA:368,37,0,0
BRDA:368,37,1,0
BRDA:371,38,0,0
BRDA:371,38,1,0
BRDA:412,39,0,0
BRDA:412,39,1,0
BRDA:415,40,0,0
BRDA:415,40,1,0
BRDA:449,41,0,0
BRDA:449,41,1,0
BRDA:452,42,0,0
BRDA:452,42,1,0
BRDA:459,43,0,0
BRDA:459,43,1,0
BRDA:499,44,0,0
BRDA:499,44,1,0
BRDA:502,45,0,0
BRDA:502,45,1,0
BRDA:537,46,0,0
BRDA:539,47,0,0
BRDA:539,47,1,0
BRDA:558,48,0,0
BRDA:558,48,1,0
BRF:95
BRH:0
end_of_record
TN:
SF:src/controllers/document.controller.js
FN:5,(anonymous_0)
FN:31,(anonymous_1)
FN:50,(anonymous_2)
FNF:3
FNH:0
FNDA:0,(anonymous_0)
FNDA:0,(anonymous_1)
FNDA:0,(anonymous_2)
DA:1,0
DA:2,0
DA:3,0
DA:5,0
DA:6,0
DA:7,0
DA:8,0
DA:10,0
DA:11,0
DA:12,0
DA:13,0
DA:15,0
DA:25,0
DA:27,0
DA:31,0
DA:32,0
DA:33,0
DA:34,0
DA:36,0
DA:37,0
DA:40,0
DA:41,0
DA:44,0
DA:46,0
DA:50,0
DA:51,0
DA:52,0
DA:53,0
DA:55,0
DA:56,0
DA:59,0
DA:60,0
DA:63,0
DA:65,0
DA:66,0
DA:68,0
DA:70,0
LF:37
LH:0
BRDA:8,0,0,0
BRDA:8,0,1,0
BRDA:11,1,0,0
BRDA:11,1,1,0
BRDA:34,2,0,0
BRDA:34,2,1,0
BRDA:36,3,0,0
BRDA:36,3,1,0
BRDA:40,4,0,0
BRDA:40,4,1,0
BRDA:40,5,0,0
BRDA:40,5,1,0
BRDA:40,5,2,0
BRDA:40,5,3,0
BRDA:53,6,0,0
BRDA:53,6,1,0
BRDA:55,7,0,0
BRDA:55,7,1,0
BRDA:59,8,0,0
BRDA:59,8,1,0
BRDA:59,9,0,0
BRDA:59,9,1,0
BRDA:59,9,2,0
BRDA:59,9,3,0
BRDA:65,10,0,0
BRDA:65,10,1,0
BRF:26
BRH:0
end_of_record
TN:
SF:src/controllers/enhancedP2PController.js
FN:11,(anonymous_0)
FN:19,(anonymous_1)
FN:81,(anonymous_2)
FN:195,(anonymous_3)
FN:235,(anonymous_4)
FN:283,(anonymous_5)
FN:355,(anonymous_6)
FN:412,(anonymous_7)
FNF:8
FNH:0
FNDA:0,(anonymous_0)
FNDA:0,(anonymous_1)
FNDA:0,(anonymous_2)
FNDA:0,(anonymous_3)
FNDA:0,(anonymous_4)
FNDA:0,(anonymous_5)
FNDA:0,(anonymous_6)
FNDA:0,(anonymous_7)
DA:1,0
DA:2,0
DA:3,0
DA:4,0
DA:12,0
DA:13,0
DA:20,0
DA:21,0
DA:22,0
DA:25,0
DA:26,0
DA:27,0
DA:34,0
DA:46,0
DA:64,0
DA:70,0
DA:71,0
DA:82,0
DA:83,0
DA:84,0
DA:85,0
DA:88,0
DA:89,0
DA:90,0
DA:97,0
DA:98,0
DA:107,0
DA:114,0
DA:115,0
DA:122,0
DA:123,0
DA:130,0
DA:131,0
DA:133,0
DA:134,0
DA:135,0
DA:141,0
DA:142,0
DA:150,0
DA:157,0
DA:160,0
DA:178,0
DA:184,0
DA:185,0
DA:196,0
DA:197,0
DA:198,0
DA:201,0
DA:202,0
DA:203,0
DA:210,0
DA:211,0
DA:220,0
DA:227,0
DA:228,0
DA:235,0
DA:236,0
DA:237,0
DA:244,0
DA:247,0
DA:265,0
DA:272,0
DA:273,0
DA:284,0
DA:285,0
DA:286,0
DA:287,0
DA:290,0
DA:291,0
DA:292,0
DA:299,0
DA:300,0
DA:302,0
DA:303,0
DA:312,0
DA:319,0
DA:322,0
DA:338,0
DA:344,0
DA:345,0
DA:356,0
DA:357,0
DA:358,0
DA:361,0
DA:362,0
DA:363,0
DA:369,0
DA:376,0
DA:379,0
DA:395,0
DA:401,0
DA:402,0
DA:413,0
DA:414,0
DA:415,0
DA:418,0
DA:421,0
DA:422,0
DA:425,0
DA:427,0
DA:429,0
DA:431,0
DA:433,0
DA:436,0
DA:437,0
DA:442,0
LF:106
LH:0
BRDA:26,0,0,0
BRDA:26,0,1,0
BRDA:89,1,0,0
BRDA:89,1,1,0
BRDA:97,2,0,0
BRDA:97,2,1,0
BRDA:114,3,0,0
BRDA:114,3,1,0
BRDA:122,4,0,0
BRDA:122,4,1,0
BRDA:122,5,0,0
BRDA:122,5,1,0
BRDA:134,6,0,0
BRDA:134,6,1,0
BRDA:141,7,0,0
BRDA:141,7,1,0
BRDA:153,8,0,0
BRDA:153,8,1,0
BRDA:202,9,0,0
BRDA:202,9,1,0
BRDA:210,10,0,0
BRDA:210,10,1,0
BRDA:227,11,0,0
BRDA:227,11,1,0
BRDA:236,12,0,0
BRDA:236,12,1,0
BRDA:291,13,0,0
BRDA:291,13,1,0
BRDA:302,14,0,0
BRDA:302,14,1,0
BRDA:302,15,0,0
BRDA:302,15,1,0
BRDA:331,16,0,0
BRDA:331,16,1,0
BRDA:358,17,0,0
BRDA:362,18,0,0
BRDA:362,18,1,0
BRDA:415,19,0,0
BRDA:415,19,1,0
BRDA:418,20,0,0
BRDA:418,20,1,0
BRDA:422,21,0,0
BRDA:422,21,1,0
BRDA:425,22,0,0
BRDA:425,22,1,0
BRDA:425,22,2,0
BRDA:425,22,3,0
BRF:47
BRH:0
end_of_record
TN:
SF:src/controllers/exchangeAccount.controller.js
FN:8,(anonymous_0)
FN:63,(anonymous_1)
FN:90,(anonymous_2)
FN:152,(anonymous_3)
FN:228,(anonymous_4)
FN:242,(anonymous_5)
FNF:6
FNH:0
FNDA:0,(anonymous_0)
FNDA:0,(anonymous_1)
FNDA:0,(anonymous_2)
FNDA:0,(anonymous_3)
FNDA:0,(anonymous_4)
FNDA:0,(anonymous_5)
DA:2,0
DA:3,0
DA:4,0
DA:9,0
DA:10,0
DA:17,0
DA:19,0
DA:20,0
DA:23,0
DA:25,0
DA:42,0
DA:45,0
DA:47,0
DA:54,0
DA:55,0
DA:64,0
DA:65,0
DA:66,0
DA:68,0
DA:69,0
DA:71,0
DA:75,0
DA:81,0
DA:82,0
DA:91,0
DA:92,0
DA:93,0
DA:94,0
DA:96,0
DA:97,0
DA:99,0
DA:100,0
DA:101,0
DA:108,0
DA:112,0
DA:113,0
DA:120,0
DA:121,0
DA:122,0
DA:125,0
DA:136,0
DA:143,0
DA:144,0
DA:153,0
DA:154,0
DA:162,0
DA:164,0
DA:165,0
DA:168,0
DA:169,0
DA:171,0
DA:172,0
DA:179,0
DA:180,0
DA:187,0
DA:190,0
DA:191,0
DA:192,0
DA:193,0
DA:195,0
DA:196,0
DA:199,0
DA:211,0
DA:219,0
DA:220,0
DA:229,0
DA:230,0
DA:232,0
DA:238,0
DA:239,0
DA:243,0
DA:244,0
DA:246,0
DA:254,0
DA:258,0
LF:75
LH:0
BRDA:16,0,0,0
BRDA:100,1,0,0
BRDA:100,1,1,0
BRDA:108,2,0,0
BRDA:108,2,1,0
BRDA:112,3,0,0
BRDA:112,3,1,0
BRDA:112,4,0,0
BRDA:112,4,1,0
BRDA:126,5,0,0
BRDA:126,5,1,0
BRDA:127,6,0,0
BRDA:127,6,1,0
BRDA:128,7,0,0
BRDA:128,7,1,0
BRDA:161,8,0,0
BRDA:171,9,0,0
BRDA:171,9,1,0
BRDA:171,10,0,0
BRDA:171,10,1,0
BRDA:179,11,0,0
BRDA:179,11,1,0
BRF:22
BRH:0
end_of_record
TN:
SF:src/controllers/holding.controller.js
FN:7,(anonymous_0)
FN:10,(anonymous_1)
FN:24,(anonymous_2)
FN:44,(anonymous_3)
FN:57,(anonymous_4)
FN:68,(anonymous_5)
FN:72,(anonymous_6)
FN:83,(anonymous_7)
FNF:8
FNH:0
FNDA:0,(anonymous_0)
FNDA:0,(anonymous_1)
FNDA:0,(anonymous_2)
FNDA:0,(anonymous_3)
FNDA:0,(anonymous_4)
FNDA:0,(anonymous_5)
FNDA:0,(anonymous_6)
FNDA:0,(anonymous_7)
DA:1,0
DA:2,0
DA:3,0
DA:4,0
DA:7,0
DA:8,0
DA:9,0
DA:10,0
DA:17,0
DA:19,0
DA:24,0
DA:25,0
DA:26,0
DA:27,0
DA:28,0
DA:29,0
DA:30,0
DA:31,0
DA:32,0
DA:33,0
DA:34,0
DA:36,0
DA:37,0
DA:39,0
DA:44,0
DA:45,0
DA:46,0
DA:47,0
DA:48,0
DA:49,0
DA:50,0
DA:52,0
DA:57,0
DA:58,0
DA:59,0
DA:61,0
DA:63,0
DA:68,0
DA:69,0
DA:70,0
DA:71,0
DA:72,0
DA:73,0
DA:76,0
DA:78,0
DA:83,0
DA:84,0
DA:85,0
DA:86,0
DA:88,0
DA:89,0
DA:91,0
DA:92,0
DA:99,0
DA:101,0
DA:103,0
LF:56
LH:0
BRDA:28,0,0,0
BRDA:28,0,1,0
BRDA:29,1,0,0
BRDA:29,1,1,0
BRDA:30,2,0,0
BRDA:30,2,1,0
BRDA:31,3,0,0
BRDA:31,3,1,0
BRDA:31,4,0,0
BRDA:31,4,1,0
BRDA:33,5,0,0
BRDA:33,5,1,0
BRDA:34,6,0,0
BRDA:34,6,1,0
BRDA:48,7,0,0
BRDA:48,7,1,0
BRDA:73,8,0,0
BRDA:73,8,1,0
BRDA:89,9,0,0
BRDA:89,9,1,0
BRF:20
BRH:0
end_of_record
TN:
SF:src/controllers/interBranchTransfer.controller.js
FN:8,(anonymous_0)
FN:51,(anonymous_1)
FN:145,(anonymous_2)
FN:180,(anonymous_3)
FN:220,(anonymous_4)
FN:260,(anonymous_5)
FN:299,(anonymous_6)
FN:337,(anonymous_7)
FN:375,(anonymous_8)
FN:396,(anonymous_9)
FN:424,(anonymous_10)
FNF:11
FNH:0
FNDA:0,(anonymous_0)
FNDA:0,(anonymous_1)
FNDA:0,(anonymous_2)
FNDA:0,(anonymous_3)
FNDA:0,(anonymous_4)
FNDA:0,(anonymous_5)
FNDA:0,(anonymous_6)
FNDA:0,(anonymous_7)
FNDA:0,(anonymous_8)
FNDA:0,(anonymous_9)
FNDA:0,(anonymous_10)
DA:1,0
DA:2,0
DA:4,0
DA:5,0
DA:8,0
DA:9,0
DA:10,0
DA:11,0
DA:13,0
DA:15,0
DA:16,0
DA:17,0
DA:19,0
DA:28,0
DA:30,0
DA:41,0
DA:42,0
DA:51,0
DA:52,0
DA:53,0
DA:54,0
DA:55,0
DA:71,0
DA:74,0
DA:79,0
DA:84,0
DA:85,0
DA:91,0
DA:92,0
DA:98,0
DA:122,0
DA:125,0
DA:126,0
DA:127,0
DA:129,0
DA:135,0
DA:136,0
DA:145,0
DA:146,0
DA:147,0
DA:149,0
DA:158,0
DA:159,0
DA:165,0
DA:170,0
DA:171,0
DA:180,0
DA:181,0
DA:182,0
DA:183,0
DA:185,0
DA:190,0
DA:191,0
DA:197,0
DA:199,0
DA:200,0
DA:201,0
DA:202,0
DA:204,0
DA:210,0
DA:211,0
DA:220,0
DA:221,0
DA:222,0
DA:223,0
DA:225,0
DA:230,0
DA:231,0
DA:237,0
DA:239,0
DA:240,0
DA:241,0
DA:242,0
DA:244,0
DA:250,0
DA:251,0
DA:260,0
DA:261,0
DA:262,0
DA:263,0
DA:265,0
DA:270,0
DA:271,0
DA:277,0
DA:279,0
DA:280,0
DA:281,0
DA:283,0
DA:289,0
DA:290,0
DA:299,0
DA:300,0
DA:301,0
DA:302,0
DA:304,0
DA:309,0
DA:310,0
DA:316,0
DA:318,0
DA:319,0
DA:321,0
DA:327,0
DA:328,0
DA:337,0
DA:338,0
DA:339,0
DA:340,0
DA:342,0
DA:347,0
DA:348,0
DA:354,0
DA:356,0
DA:357,0
DA:359,0
DA:365,0
DA:366,0
DA:375,0
DA:376,0
DA:377,0
DA:379,0
DA:381,0
DA:386,0
DA:387,0
DA:396,0
DA:397,0
DA:398,0
DA:400,0
DA:401,0
DA:407,0
DA:409,0
DA:414,0
DA:415,0
DA:424,0
DA:425,0
DA:426,0
DA:428,0
DA:430,0
DA:431,0
DA:437,0
DA:449,0
DA:460,0
DA:468,0
DA:469,0
LF:143
LH:0
BRDA:10,0,0,0
BRDA:10,1,0,0
BRDA:13,2,0,0
BRDA:13,2,1,0
BRDA:15,3,0,0
BRDA:15,3,1,0
BRDA:16,4,0,0
BRDA:16,4,1,0
BRDA:17,5,0,0
BRDA:17,5,1,0
BRDA:54,6,0,0
BRDA:54,6,1,0
BRDA:76,7,0,0
BRDA:76,7,1,0
BRDA:81,8,0,0
BRDA:81,8,1,0
BRDA:84,9,0,0
BRDA:84,9,1,0
BRDA:84,10,0,0
BRDA:84,10,1,0
BRDA:91,11,0,0
BRDA:91,11,1,0
BRDA:99,12,0,0
BRDA:99,12,1,0
BRDA:151,13,0,0
BRDA:151,13,1,0
BRDA:158,14,0,0
BRDA:158,14,1,0
BRDA:187,15,0,0
BRDA:187,15,1,0
BRDA:190,16,0,0
BRDA:190,16,1,0
BRDA:227,17,0,0
BRDA:227,17,1,0
BRDA:230,18,0,0
BRDA:230,18,1,0
BRDA:267,19,0,0
BRDA:267,19,1,0
BRDA:270,20,0,0
BRDA:270,20,1,0
BRDA:306,21,0,0
BRDA:306,21,1,0
BRDA:309,22,0,0
BRDA:309,22,1,0
BRDA:344,23,0,0
BRDA:344,23,1,0
BRDA:347,24,0,0
BRDA:347,24,1,0
BRDA:379,25,0,0
BRDA:379,25,1,0
BRDA:400,26,0,0
BRDA:400,26,1,0
BRDA:407,27,0,0
BRDA:407,27,1,0
BRDA:428,28,0,0
BRDA:428,28,1,0
BRDA:430,29,0,0
BRDA:430,29,1,0
BRDA:430,30,0,0
BRDA:430,30,1,0
BRF:60
BRH:0
end_of_record
TN:
SF:src/controllers/invoice.controller.js
FN:5,(anonymous_0)
FN:17,(anonymous_1)
FN:28,(anonymous_2)
FN:39,(anonymous_3)
FNF:4
FNH:0
FNDA:0,(anonymous_0)
FNDA:0,(anonymous_1)
FNDA:0,(anonymous_2)
FNDA:0,(anonymous_3)
DA:1,0
DA:6,0
DA:7,0
DA:8,0
DA:9,0
DA:10,0
DA:12,0
DA:18,0
DA:19,0
DA:20,0
DA:21,0
DA:23,0
DA:29,0
DA:30,0
DA:31,0
DA:32,0
DA:34,0
DA:40,0
DA:41,0
DA:42,0
DA:43,0
DA:45,0
DA:50,0
LF:23
LH:0
BRDA:31,0,0,0
BRDA:31,0,1,0
BRF:2
BRH:0
end_of_record
TN:
SF:src/controllers/payment.controller.js
FN:13,(anonymous_0)
FN:20,(anonymous_1)
FN:31,(anonymous_2)
FN:51,(anonymous_3)
FN:65,(anonymous_4)
FN:113,(anonymous_5)
FN:155,(anonymous_6)
FN:215,(anonymous_7)
FN:239,(anonymous_8)
FN:279,(anonymous_9)
FN:342,(anonymous_10)
FN:375,(anonymous_11)
FN:407,(anonymous_12)
FN:458,(anonymous_13)
FN:497,(anonymous_14)
FN:553,(anonymous_15)
FNF:16
FNH:0
FNDA:0,(anonymous_0)
FNDA:0,(anonymous_1)
FNDA:0,(anonymous_2)
FNDA:0,(anonymous_3)
FNDA:0,(anonymous_4)
FNDA:0,(anonymous_5)
FNDA:0,(anonymous_6)
FNDA:0,(anonymous_7)
FNDA:0,(anonymous_8)
FNDA:0,(anonymous_9)
FNDA:0,(anonymous_10)
FNDA:0,(anonymous_11)
FNDA:0,(anonymous_12)
FNDA:0,(anonymous_13)
FNDA:0,(anonymous_14)
FNDA:0,(anonymous_15)
DA:1,0
DA:2,0
DA:4,0
DA:5,0
DA:6,0
DA:7,0
DA:8,0
DA:9,0
DA:12,0
DA:14,0
DA:15,0
DA:16,0
DA:18,0
DA:21,0
DA:22,0
DA:26,0
DA:32,0
DA:33,0
DA:34,0
DA:36,0
DA:37,0
DA:39,0
DA:45,0
DA:52,0
DA:53,0
DA:54,0
DA:56,0
DA:57,0
DA:59,0
DA:65,0
DA:66,0
DA:67,0
DA:68,0
DA:70,0
DA:72,0
DA:73,0
DA:74,0
DA:76,0
DA:84,0
DA:86,0
DA:97,0
DA:104,0
DA:113,0
DA:114,0
DA:115,0
DA:116,0
DA:117,0
DA:134,0
DA:137,0
DA:142,0
DA:143,0
DA:150,0
DA:155,0
DA:156,0
DA:158,0
DA:159,0
DA:165,0
DA:184,0
DA:187,0
DA:188,0
DA:189,0
DA:191,0
DA:197,0
DA:204,0
DA:213,0
DA:216,0
DA:217,0
DA:218,0
DA:220,0
DA:221,0
DA:227,0
DA:232,0
DA:233,0
DA:239,0
DA:248,0
DA:249,0
DA:251,0
DA:260,0
DA:267,0
DA:277,0
DA:280,0
DA:281,0
DA:282,0
DA:284,0
DA:285,0
DA:291,0
DA:296,0
DA:297,0
DA:303,0
DA:316,0
DA:317,0
DA:319,0
DA:325,0
DA:332,0
DA:342,0
DA:343,0
DA:344,0
DA:345,0
DA:347,0
DA:352,0
DA:353,0
DA:359,0
DA:360,0
DA:366,0
DA:369,0
DA:370,0
DA:375,0
DA:377,0
DA:378,0
DA:379,0
DA:382,0
DA:383,0
DA:385,0
DA:391,0
DA:398,0
DA:407,0
DA:408,0
DA:409,0
DA:410,0
DA:412,0
DA:417,0
DA:418,0
DA:424,0
DA:425,0
DA:431,0
DA:433,0
DA:434,0
DA:436,0
DA:442,0
DA:449,0
DA:458,0
DA:459,0
DA:460,0
DA:462,0
DA:469,0
DA:470,0
DA:476,0
DA:481,0
DA:488,0
DA:497,0
DA:498,0
DA:499,0
DA:501,0
DA:503,0
DA:504,0
DA:510,0
DA:522,0
DA:523,0
DA:528,0
DA:537,0
DA:544,0
DA:553,0
DA:554,0
DA:555,0
DA:557,0
DA:559,0
DA:564,0
DA:571,0
LF:158
LH:0
BRDA:15,0,0,0
BRDA:15,0,1,0
BRDA:36,1,0,0
BRDA:36,1,1,0
BRDA:36,2,0,0
BRDA:36,2,1,0
BRDA:56,3,0,0
BRDA:56,3,1,0
BRDA:56,4,0,0
BRDA:56,4,1,0
BRDA:67,5,0,0
BRDA:67,6,0,0
BRDA:70,7,0,0
BRDA:70,7,1,0
BRDA:72,8,0,0
BRDA:72,8,1,0
BRDA:73,9,0,0
BRDA:73,9,1,0
BRDA:74,10,0,0
BRDA:74,10,1,0
BRDA:116,11,0,0
BRDA:116,11,1,0
BRDA:139,12,0,0
BRDA:139,12,1,0
BRDA:142,13,0,0
BRDA:142,13,1,0
BRDA:158,14,0,0
BRDA:158,14,1,0
BRDA:166,15,0,0
BRDA:166,15,1,0
BRDA:177,16,0,0
BRDA:177,16,1,0
BRDA:220,17,0,0
BRDA:220,17,1,0
BRDA:220,18,0,0
BRDA:220,18,1,0
BRDA:229,19,0,0
BRDA:229,19,1,0
BRDA:232,20,0,0
BRDA:232,20,1,0
BRDA:244,21,0,0
BRDA:244,21,1,0
BRDA:244,22,0,0
BRDA:244,22,1,0
BRDA:284,23,0,0
BRDA:284,23,1,0
BRDA:293,24,0,0
BRDA:293,24,1,0
BRDA:296,25,0,0
BRDA:296,25,1,0
BRDA:308,26,0,0
BRDA:308,26,1,0
BRDA:310,27,0,0
BRDA:310,27,1,0
BRDA:311,28,0,0
BRDA:311,28,1,0
BRDA:312,29,0,0
BRDA:312,29,1,0
BRDA:313,30,0,0
BRDA:313,30,1,0
BRDA:349,31,0,0
BRDA:349,31,1,0
BRDA:352,32,0,0
BRDA:352,32,1,0
BRDA:359,33,0,0
BRDA:359,33,1,0
BRDA:377,34,0,0
BRDA:377,34,1,0
BRDA:414,35,0,0
BRDA:414,35,1,0
BRDA:417,36,0,0
BRDA:417,36,1,0
BRDA:424,37,0,0
BRDA:424,37,1,0
BRDA:464,38,0,0
BRDA:464,38,1,0
BRDA:469,39,0,0
BRDA:469,39,1,0
BRDA:501,40,0,0
BRDA:501,40,1,0
BRDA:503,41,0,0
BRDA:503,41,1,0
BRDA:503,42,0,0
BRDA:503,42,1,0
BRDA:533,43,0,0
BRDA:533,43,1,0
BRDA:555,44,0,0
BRDA:557,45,0,0
BRDA:557,45,1,0
BRF:89
BRH:0
end_of_record
TN:
SF:src/controllers/plan.controller.js
FN:4,(anonymous_0)
FN:16,(anonymous_1)
FN:28,(anonymous_2)
FN:40,(anonymous_3)
FN:49,(anonymous_4)
FNF:5
FNH:0
FNDA:0,(anonymous_0)
FNDA:0,(anonymous_1)
FNDA:0,(anonymous_2)
FNDA:0,(anonymous_3)
FNDA:0,(anonymous_4)
DA:1,0
DA:5,0
DA:6,0
DA:7,0
DA:9,0
DA:10,0
DA:12,0
DA:17,0
DA:18,0
DA:19,0
DA:21,0
DA:22,0
DA:24,0
DA:29,0
DA:30,0
DA:31,0
DA:33,0
DA:34,0
DA:36,0
DA:41,0
DA:42,0
DA:43,0
DA:45,0
DA:50,0
DA:51,0
DA:52,0
DA:54,0
DA:59,0
LF:28
LH:0
BRDA:6,0,0,0
BRDA:6,0,1,0
BRDA:18,1,0,0
BRDA:18,1,1,0
BRDA:30,2,0,0
BRDA:30,2,1,0
BRF:6
BRH:0
end_of_record
TN:
SF:src/controllers/rate.controller.js
FN:5,(anonymous_0)
FN:8,(anonymous_1)
FNF:2
FNH:0
FNDA:0,(anonymous_0)
FNDA:0,(anonymous_1)
DA:1,0
DA:4,0
DA:6,0
DA:9,0
DA:10,0
DA:11,0
DA:12,0
DA:13,0
DA:15,0
LF:9
LH:0
BRDA:11,0,0,0
BRDA:11,0,1,0
BRF:2
BRH:0
end_of_record
TN:
SF:src/controllers/receipt.controller.js
FN:15,(anonymous_0)
FN:91,(anonymous_1)
FN:133,(anonymous_2)
FN:166,(anonymous_3)
FN:182,(anonymous_4)
FN:182,(anonymous_5)
FN:201,(anonymous_6)
FN:245,(anonymous_7)
FN:359,(anonymous_8)
FN:401,(anonymous_9)
FNF:10
FNH:0
FNDA:0,(anonymous_0)
FNDA:0,(anonymous_1)
FNDA:0,(anonymous_2)
FNDA:0,(anonymous_3)
FNDA:0,(anonymous_4)
FNDA:0,(anonymous_5)
FNDA:0,(anonymous_6)
FNDA:0,(anonymous_7)
FNDA:0,(anonymous_8)
FNDA:0,(anonymous_9)
DA:1,0
DA:2,0
DA:3,0
DA:4,0
DA:5,0
DA:6,0
DA:7,0
DA:8,0
DA:9,0
DA:10,0
DA:11,0
DA:12,0
DA:15,0
DA:16,0
DA:17,0
DA:18,0
DA:19,0
DA:26,0
DA:29,0
DA:34,0
DA:35,0
DA:42,0
DA:45,0
DA:46,0
DA:47,0
DA:48,0
DA:49,0
DA:50,0
DA:51,0
DA:59,0
DA:63,0
DA:73,0
DA:75,0
DA:81,0
DA:82,0
DA:91,0
DA:92,0
DA:93,0
DA:94,0
DA:96,0
DA:98,0
DA:99,0
DA:100,0
DA:102,0
DA:110,0
DA:112,0
DA:123,0
DA:124,0
DA:133,0
DA:134,0
DA:135,0
DA:137,0
DA:144,0
DA:145,0
DA:151,0
DA:156,0
DA:157,0
DA:166,0
DA:167,0
DA:168,0
DA:170,0
DA:175,0
DA:176,0
DA:182,0
DA:183,0
DA:189,0
DA:191,0
DA:192,0
DA:201,0
DA:202,0
DA:203,0
DA:204,0
DA:206,0
DA:211,0
DA:212,0
DA:219,0
DA:220,0
DA:221,0
DA:228,0
DA:230,0
DA:235,0
DA:236,0
DA:245,0
DA:246,0
DA:247,0
DA:249,0
DA:250,0
DA:252,0
DA:253,0
DA:255,0
DA:256,0
DA:258,0
DA:259,0
DA:261,0
DA:262,0
DA:265,0
DA:289,0
DA:312,0
DA:330,0
DA:349,0
DA:350,0
DA:359,0
DA:360,0
DA:361,0
DA:363,0
DA:368,0
DA:369,0
DA:376,0
DA:377,0
DA:378,0
DA:380,0
DA:384,0
DA:386,0
DA:391,0
DA:392,0
DA:401,0
DA:402,0
DA:403,0
DA:405,0
DA:410,0
DA:411,0
DA:412,0
DA:413,0
DA:416,0
DA:418,0
DA:419,0
DA:421,0
DA:422,0
DA:424,0
DA:429,0
DA:430,0
DA:435,0
DA:438,0
DA:445,0
DA:456,0
DA:457,0
DA:465,0
LF:137
LH:0
BRDA:18,0,0,0
BRDA:18,0,1,0
BRDA:26,1,0,0
BRDA:31,2,0,0
BRDA:31,2,1,0
BRDA:34,3,0,0
BRDA:34,3,1,0
BRDA:42,4,0,0
BRDA:42,4,1,0
BRDA:46,5,0,0
BRDA:46,5,1,0
BRDA:46,6,0,0
BRDA:46,6,1,0
BRDA:46,6,2,0
BRDA:48,7,0,0
BRDA:48,7,1,0
BRDA:93,8,0,0
BRDA:93,9,0,0
BRDA:96,10,0,0
BRDA:96,10,1,0
BRDA:98,11,0,0
BRDA:98,11,1,0
BRDA:99,12,0,0
BRDA:99,12,1,0
BRDA:100,13,0,0
BRDA:100,13,1,0
BRDA:139,14,0,0
BRDA:139,14,1,0
BRDA:144,15,0,0
BRDA:144,15,1,0
BRDA:172,16,0,0
BRDA:172,16,1,0
BRDA:175,17,0,0
BRDA:175,17,1,0
BRDA:182,18,0,0
BRDA:182,18,1,0
BRDA:182,19,0,0
BRDA:182,19,1,0
BRDA:204,20,0,0
BRDA:208,21,0,0
BRDA:208,21,1,0
BRDA:211,22,0,0
BRDA:211,22,1,0
BRDA:219,23,0,0
BRDA:219,23,1,0
BRDA:220,24,0,0
BRDA:220,24,1,0
BRDA:247,25,0,0
BRDA:250,26,0,0
BRDA:250,26,1,0
BRDA:250,26,2,0
BRDA:250,26,3,0
BRDA:268,27,0,0
BRDA:268,27,1,0
BRDA:292,28,0,0
BRDA:292,28,1,0
BRDA:315,29,0,0
BRDA:315,29,1,0
BRDA:334,30,0,0
BRDA:334,30,1,0
BRDA:340,31,0,0
BRDA:340,31,1,0
BRDA:365,32,0,0
BRDA:365,32,1,0
BRDA:368,33,0,0
BRDA:368,33,1,0
BRDA:376,34,0,0
BRDA:376,34,1,0
BRDA:403,35,0,0
BRDA:406,36,0,0
BRDA:406,36,1,0
BRDA:410,37,0,0
BRDA:410,37,1,0
BRDA:410,38,0,0
BRDA:410,38,1,0
BRDA:412,39,0,0
BRDA:412,39,1,0
BRDA:413,40,0,0
BRDA:413,40,1,0
BRDA:425,41,0,0
BRDA:425,41,1,0
BRDA:429,42,0,0
BRDA:429,42,1,0
BRDA:432,43,0,0
BRDA:432,43,1,0
BRF:85
BRH:0
end_of_record
TN:
SF:src/controllers/remittance.controller.js
FN:10,(anonymous_0)
FN:117,(anonymous_1)
FN:158,(anonymous_2)
FN:211,(anonymous_3)
FN:254,(anonymous_4)
FN:296,(anonymous_5)
FN:360,(anonymous_6)
FN:424,(anonymous_7)
FN:475,(anonymous_8)
FN:512,(anonymous_9)
FN:544,(anonymous_10)
FN:597,(anonymous_11)
FNF:12
FNH:0
FNDA:0,(anonymous_0)
FNDA:0,(anonymous_1)
FNDA:0,(anonymous_2)
FNDA:0,(anonymous_3)
FNDA:0,(anonymous_4)
FNDA:0,(anonymous_5)
FNDA:0,(anonymous_6)
FNDA:0,(anonymous_7)
FNDA:0,(anonymous_8)
FNDA:0,(anonymous_9)
FNDA:0,(anonymous_10)
FNDA:0,(anonymous_11)
DA:1,0
DA:2,0
DA:3,0
DA:4,0
DA:5,0
DA:6,0
DA:7,0
DA:10,0
DA:11,0
DA:21,0
DA:23,0
DA:24,0
DA:27,0
DA:28,0
DA:29,0
DA:36,0
DA:39,0
DA:40,0
DA:47,0
DA:54,0
DA:55,0
DA:62,0
DA:82,0
DA:83,0
DA:84,0
DA:90,0
DA:93,0
DA:95,0
DA:102,0
DA:109,0
DA:117,0
DA:118,0
DA:119,0
DA:120,0
DA:122,0
DA:130,0
DA:131,0
DA:137,0
DA:143,0
DA:150,0
DA:158,0
DA:159,0
DA:160,0
DA:161,0
DA:162,0
DA:164,0
DA:166,0
DA:167,0
DA:168,0
DA:169,0
DA:170,0
DA:171,0
DA:174,0
DA:181,0
DA:183,0
DA:196,0
DA:203,0
DA:211,0
DA:212,0
DA:213,0
DA:214,0
DA:215,0
DA:216,0
DA:218,0
DA:223,0
DA:224,0
DA:230,0
DA:232,0
DA:239,0
DA:246,0
DA:254,0
DA:255,0
DA:256,0
DA:257,0
DA:258,0
DA:260,0
DA:265,0
DA:266,0
DA:272,0
DA:274,0
DA:281,0
DA:288,0
DA:296,0
DA:297,0
DA:298,0
DA:299,0
DA:300,0
DA:302,0
DA:307,0
DA:308,0
DA:314,0
DA:317,0
DA:324,0
DA:325,0
DA:326,0
DA:329,0
DA:336,0
DA:338,0
DA:345,0
DA:352,0
DA:360,0
DA:361,0
DA:362,0
DA:363,0
DA:364,0
DA:365,0
DA:367,0
DA:372,0
DA:373,0
DA:379,0
DA:382,0
DA:389,0
DA:390,0
DA:393,0
DA:400,0
DA:402,0
DA:409,0
DA:416,0
DA:424,0
DA:425,0
DA:426,0
DA:427,0
DA:428,0
DA:429,0
DA:431,0
DA:436,0
DA:437,0
DA:443,0
DA:451,0
DA:453,0
DA:460,0
DA:467,0
DA:475,0
DA:476,0
DA:477,0
DA:478,0
DA:480,0
DA:481,0
DA:482,0
DA:483,0
DA:484,0
DA:486,0
DA:487,0
DA:489,0
DA:491,0
DA:497,0
DA:504,0
DA:512,0
DA:513,0
DA:514,0
DA:515,0
DA:516,0
DA:517,0
DA:534,0
DA:535,0
DA:536,0
DA:537,0
DA:539,0
DA:544,0
DA:545,0
DA:546,0
DA:548,0
DA:549,0
DA:552,0
DA:553,0
DA:554,0
DA:555,0
DA:557,0
DA:559,0
DA:560,0
DA:561,0
DA:563,0
DA:564,0
DA:565,0
DA:567,0
DA:568,0
DA:569,0
DA:571,0
DA:572,0
DA:573,0
DA:575,0
DA:576,0
DA:577,0
DA:583,0
DA:585,0
DA:590,0
DA:592,0
DA:597,0
DA:598,0
DA:599,0
DA:600,0
DA:601,0
DA:603,0
DA:608,0
DA:609,0
DA:614,0
DA:615,0
DA:620,0
DA:621,0
DA:627,0
DA:628,0
DA:630,0
DA:634,0
LF:203
LH:0
BRDA:28,0,0,0
BRDA:28,0,1,0
BRDA:39,1,0,0
BRDA:39,1,1,0
BRDA:54,2,0,0
BRDA:54,2,1,0
BRDA:54,3,0,0
BRDA:54,3,1,0
BRDA:82,4,0,0
BRDA:82,4,1,0
BRDA:105,5,0,0
BRDA:105,5,1,0
BRDA:130,6,0,0
BRDA:130,6,1,0
BRDA:146,7,0,0
BRDA:146,7,1,0
BRDA:160,8,0,0
BRDA:160,9,0,0
BRDA:166,10,0,0
BRDA:166,10,1,0
BRDA:167,11,0,0
BRDA:167,11,1,0
BRDA:168,12,0,0
BRDA:168,12,1,0
BRDA:168,13,0,0
BRDA:168,13,1,0
BRDA:170,14,0,0
BRDA:170,14,1,0
BRDA:171,15,0,0
BRDA:171,15,1,0
BRDA:199,16,0,0
BRDA:199,16,1,0
BRDA:223,17,0,0
BRDA:223,17,1,0
BRDA:242,18,0,0
BRDA:242,18,1,0
BRDA:265,19,0,0
BRDA:265,19,1,0
BRDA:284,20,0,0
BRDA:284,20,1,0
BRDA:307,21,0,0
BRDA:307,21,1,0
BRDA:324,22,0,0
BRDA:324,22,1,0
BRDA:348,23,0,0
BRDA:348,23,1,0
BRDA:372,24,0,0
BRDA:372,24,1,0
BRDA:389,25,0,0
BRDA:389,25,1,0
BRDA:412,26,0,0
BRDA:412,26,1,0
BRDA:436,27,0,0
BRDA:436,27,1,0
BRDA:463,28,0,0
BRDA:463,28,1,0
BRDA:481,29,0,0
BRDA:481,29,1,0
BRDA:481,30,0,0
BRDA:481,30,1,0
BRDA:483,31,0,0
BRDA:483,31,1,0
BRDA:484,32,0,0
BRDA:484,32,1,0
BRDA:486,33,0,0
BRDA:486,33,1,0
BRDA:487,34,0,0
BRDA:487,34,1,0
BRDA:500,35,0,0
BRDA:500,35,1,0
BRDA:548,36,0,0
BRDA:548,36,1,0
BRDA:553,37,0,0
BRDA:553,37,1,0
BRDA:559,38,0,0
BRDA:559,38,1,0
BRDA:563,39,0,0
BRDA:563,39,1,0
BRDA:567,40,0,0
BRDA:567,40,1,0
BRDA:571,41,0,0
BRDA:571,41,1,0
BRDA:586,42,0,0
BRDA:586,42,1,0
BRDA:608,43,0,0
BRDA:608,43,1,0
BRDA:614,44,0,0
BRDA:614,44,1,0
BRF:88
BRH:0
end_of_record
TN:
SF:src/controllers/report.controller.js
FN:7,dailyVolume
FN:25,profitAndLoss
FN:68,getReconciliationReport
FN:77,financialReport
FN:100,financialReportExcel
FN:124,(anonymous_5)
FN:136,discrepancyReport
FN:145,discrepancyReportExcel
FN:157,(anonymous_8)
FN:185,transactionSummary
FN:212,accountBalanceSummary
FN:231,transactionTrend
FN:257,(anonymous_12)
FNF:13
FNH:0
FNDA:0,dailyVolume
FNDA:0,profitAndLoss
FNDA:0,getReconciliationReport
FNDA:0,financialReport
FNDA:0,financialReportExcel
FNDA:0,(anonymous_5)
FNDA:0,discrepancyReport
FNDA:0,discrepancyReportExcel
FNDA:0,(anonymous_8)
FNDA:0,transactionSummary
FNDA:0,accountBalanceSummary
FNDA:0,transactionTrend
FNDA:0,(anonymous_12)
DA:1,0
DA:2,0
DA:3,0
DA:4,0
DA:5,0
DA:8,0
DA:9,0
DA:10,0
DA:12,0
DA:22,0
DA:26,0
DA:27,0
DA:28,0
DA:29,0
DA:30,0
DA:31,0
DA:32,0
DA:33,0
DA:36,0
DA:41,0
DA:46,0
DA:50,0
DA:51,0
DA:52,0
DA:53,0
DA:54,0
DA:64,0
DA:69,0
DA:70,0
DA:71,0
DA:73,0
DA:78,0
DA:79,0
DA:80,0
DA:90,0
DA:94,0
DA:96,0
DA:101,0
DA:102,0
DA:103,0
DA:113,0
DA:117,0
DA:118,0
DA:119,0
DA:124,0
DA:125,0
DA:127,0
DA:128,0
DA:129,0
DA:130,0
DA:132,0
DA:137,0
DA:138,0
DA:139,0
DA:141,0
DA:146,0
DA:147,0
DA:148,0
DA:149,0
DA:150,0
DA:157,0
DA:158,0
DA:166,0
DA:167,0
DA:168,0
DA:169,0
DA:171,0
DA:186,0
DA:187,0
DA:188,0
DA:189,0
DA:190,0
DA:191,0
DA:192,0
DA:193,0
DA:195,0
DA:196,0
DA:206,0
DA:208,0
DA:213,0
DA:214,0
DA:215,0
DA:225,0
DA:227,0
DA:232,0
DA:233,0
DA:234,0
DA:235,0
DA:236,0
DA:237,0
DA:238,0
DA:239,0
DA:241,0
DA:243,0
DA:244,0
DA:245,0
DA:257,0
DA:262,0
DA:264,0
DA:268,0
LF:100
LH:0
BRDA:8,0,0,0
BRDA:30,1,0,0
BRDA:30,1,1,0
BRDA:30,2,0,0
BRDA:30,2,1,0
BRDA:32,3,0,0
BRDA:32,3,1,0
BRDA:33,4,0,0
BRDA:33,4,1,0
BRDA:50,5,0,0
BRDA:50,5,1,0
BRDA:51,6,0,0
BRDA:51,6,1,0
BRDA:52,7,0,0
BRDA:52,7,1,0
BRDA:82,8,0,0
BRDA:82,8,1,0
BRDA:83,9,0,0
BRDA:83,9,1,0
BRDA:84,10,0,0
BRDA:84,10,1,0
BRDA:85,11,0,0
BRDA:85,11,1,0
BRDA:86,12,0,0
BRDA:86,12,1,0
BRDA:87,13,0,0
BRDA:87,13,1,0
BRDA:88,14,0,0
BRDA:88,14,1,0
BRDA:88,15,0,0
BRDA:88,15,1,0
BRDA:88,15,2,0
BRDA:105,16,0,0
BRDA:105,16,1,0
BRDA:106,17,0,0
BRDA:106,17,1,0
BRDA:107,18,0,0
BRDA:107,18,1,0
BRDA:108,19,0,0
BRDA:108,19,1,0
BRDA:109,20,0,0
BRDA:109,20,1,0
BRDA:110,21,0,0
BRDA:110,21,1,0
BRDA:111,22,0,0
BRDA:111,22,1,0
BRDA:111,23,0,0
BRDA:111,23,1,0
BRDA:111,23,2,0
BRDA:190,24,0,0
BRDA:190,24,1,0
BRDA:190,25,0,0
BRDA:190,25,1,0
BRDA:192,26,0,0
BRDA:192,26,1,0
BRDA:193,27,0,0
BRDA:193,27,1,0
BRDA:195,28,0,0
BRDA:195,28,1,0
BRDA:234,29,0,0
BRDA:236,30,0,0
BRDA:236,30,1,0
BRDA:236,31,0,0
BRDA:236,31,1,0
BRDA:238,32,0,0
BRDA:238,32,1,0
BRDA:239,33,0,0
BRDA:239,33,1,0
BRDA:241,34,0,0
BRDA:241,34,1,0
BRDA:244,35,0,0
BRDA:244,35,1,0
BRF:72
BRH:0
end_of_record
TN:
SF:src/controllers/reportViolation.controller.js
FN:3,(anonymous_0)
FN:20,(anonymous_1)
FNF:2
FNH:0
FNDA:0,(anonymous_0)
FNDA:0,(anonymous_1)
DA:1,0
DA:3,0
DA:4,0
DA:5,0
DA:6,0
DA:7,0
DA:14,0
DA:16,0
DA:20,0
DA:21,0
DA:23,0
DA:24,0
DA:26,0
DA:27,0
DA:28,0
DA:29,0
DA:31,0
LF:17
LH:0
BRDA:6,0,0,0
BRDA:6,0,1,0
BRDA:6,1,0,0
BRDA:6,1,1,0
BRDA:23,2,0,0
BRDA:23,2,1,0
BRDA:27,3,0,0
BRDA:27,3,1,0
BRF:8
BRH:0
end_of_record
TN:
SF:src/controllers/salesPlan.controller.js
FN:7,(anonymous_0)
FN:40,(anonymous_1)
FN:54,(anonymous_2)
FN:75,(anonymous_3)
FN:106,(anonymous_4)
FNF:5
FNH:0
FNDA:0,(anonymous_0)
FNDA:0,(anonymous_1)
FNDA:0,(anonymous_2)
FNDA:0,(anonymous_3)
FNDA:0,(anonymous_4)
DA:1,0
DA:2,0
DA:7,0
DA:8,0
DA:9,0
DA:11,0
DA:12,0
DA:13,0
DA:16,0
DA:18,0
DA:19,0
DA:20,0
DA:23,0
DA:33,0
DA:34,0
DA:40,0
DA:41,0
DA:42,0
DA:43,0
DA:44,0
DA:47,0
DA:48,0
DA:54,0
DA:55,0
DA:57,0
DA:58,0
DA:59,0
DA:62,0
DA:64,0
DA:65,0
DA:67,0
DA:68,0
DA:75,0
DA:76,0
DA:77,0
DA:79,0
DA:80,0
DA:81,0
DA:84,0
DA:86,0
DA:87,0
DA:88,0
DA:89,0
DA:90,0
DA:91,0
DA:92,0
DA:93,0
DA:95,0
DA:96,0
DA:98,0
DA:99,0
DA:106,0
DA:107,0
DA:109,0
DA:110,0
DA:111,0
DA:114,0
DA:116,0
DA:117,0
DA:118,0
DA:119,0
DA:121,0
DA:122,0
DA:124,0
DA:125,0
DA:130,0
LF:66
LH:0
BRDA:11,0,0,0
BRDA:11,0,1,0
BRDA:18,1,0,0
BRDA:18,1,1,0
BRDA:42,2,0,0
BRDA:42,2,1,0
BRDA:57,3,0,0
BRDA:57,3,1,0
BRDA:64,4,0,0
BRDA:64,4,1,0
BRDA:79,5,0,0
BRDA:79,5,1,0
BRDA:86,6,0,0
BRDA:86,6,1,0
BRDA:87,7,0,0
BRDA:87,7,1,0
BRDA:88,8,0,0
BRDA:88,8,1,0
BRDA:89,9,0,0
BRDA:89,9,1,0
BRDA:90,10,0,0
BRDA:90,10,1,0
BRDA:91,11,0,0
BRDA:91,11,1,0
BRDA:92,12,0,0
BRDA:92,12,1,0
BRDA:93,13,0,0
BRDA:93,13,1,0
BRDA:109,14,0,0
BRDA:109,14,1,0
BRDA:116,15,0,0
BRDA:116,15,1,0
BRDA:117,16,0,0
BRDA:117,16,1,0
BRF:34
BRH:0
end_of_record
TN:
SF:src/controllers/securityController.js
FN:14,(anonymous_0)
FN:39,(anonymous_1)
FN:46,(anonymous_2)
FN:76,(anonymous_3)
FN:99,(anonymous_4)
FN:128,(anonymous_5)
FN:147,(anonymous_6)
FN:167,(anonymous_7)
FN:229,(anonymous_8)
FN:234,(anonymous_9)
FN:256,(anonymous_10)
FN:269,(anonymous_11)
FN:303,(anonymous_12)
FN:335,(anonymous_13)
FN:371,(anonymous_14)
FN:380,(anonymous_15)
FN:396,(anonymous_16)
FN:410,(anonymous_17)
FN:445,(anonymous_18)
FN:509,(anonymous_19)
FN:547,(anonymous_20)
FN:575,(anonymous_21)
FN:628,(anonymous_22)
FN:682,(anonymous_23)
FN:725,(anonymous_24)
FN:755,(anonymous_25)
FN:780,(anonymous_26)
FNF:27
FNH:0
FNDA:0,(anonymous_0)
FNDA:0,(anonymous_1)
FNDA:0,(anonymous_2)
FNDA:0,(anonymous_3)
FNDA:0,(anonymous_4)
FNDA:0,(anonymous_5)
FNDA:0,(anonymous_6)
FNDA:0,(anonymous_7)
FNDA:0,(anonymous_8)
FNDA:0,(anonymous_9)
FNDA:0,(anonymous_10)
FNDA:0,(anonymous_11)
FNDA:0,(anonymous_12)
FNDA:0,(anonymous_13)
FNDA:0,(anonymous_14)
FNDA:0,(anonymous_15)
FNDA:0,(anonymous_16)
FNDA:0,(anonymous_17)
FNDA:0,(anonymous_18)
FNDA:0,(anonymous_19)
FNDA:0,(anonymous_20)
FNDA:0,(anonymous_21)
FNDA:0,(anonymous_22)
FNDA:0,(anonymous_23)
FNDA:0,(anonymous_24)
FNDA:0,(anonymous_25)
FNDA:0,(anonymous_26)
DA:2,0
DA:3,0
DA:4,0
DA:5,0
DA:6,0
DA:7,0
DA:8,0
DA:15,0
DA:16,0
DA:17,0
DA:26,0
DA:35,0
DA:40,0
DA:45,0
DA:46,0
DA:49,0
DA:66,0
DA:77,0
DA:78,0
DA:81,0
DA:84,0
DA:87,0
DA:90,0
DA:91,0
DA:93,0
DA:100,0
DA:101,0
DA:102,0
DA:103,0
DA:110,0
DA:111,0
DA:113,0
DA:115,0
DA:121,0
DA:129,0
DA:130,0
DA:131,0
DA:133,0
DA:135,0
DA:140,0
DA:148,0
DA:149,0
DA:150,0
DA:152,0
DA:157,0
DA:168,0
DA:169,0
DA:170,0
DA:171,0
DA:178,0
DA:179,0
DA:181,0
DA:182,0
DA:183,0
DA:190,0
DA:193,0
DA:202,0
DA:205,0
DA:211,0
DA:222,0
DA:230,0
DA:231,0
DA:232,0
DA:234,0
DA:244,0
DA:249,0
DA:257,0
DA:258,0
DA:259,0
DA:261,0
DA:262,0
DA:263,0
DA:269,0
DA:270,0
DA:271,0
DA:277,0
DA:278,0
DA:279,0
DA:282,0
DA:288,0
DA:293,0
DA:304,0
DA:305,0
DA:306,0
DA:308,0
DA:311,0
DA:312,0
DA:313,0
DA:315,0
DA:328,0
DA:336,0
DA:337,0
DA:347,0
DA:354,0
DA:356,0
DA:361,0
DA:372,0
DA:373,0
DA:374,0
DA:376,0
DA:378,0
DA:380,0
DA:389,0
DA:397,0
DA:398,0
DA:399,0
DA:401,0
DA:402,0
DA:403,0
DA:409,0
DA:410,0
DA:413,0
DA:414,0
DA:420,0
DA:421,0
DA:424,0
DA:430,0
DA:435,0
DA:446,0
DA:447,0
DA:448,0
DA:449,0
DA:456,0
DA:462,0
DA:464,0
DA:466,0
DA:467,0
DA:470,0
DA:471,0
DA:474,0
DA:475,0
DA:476,0
DA:479,0
DA:480,0
DA:481,0
DA:484,0
DA:487,0
DA:494,0
DA:499,0
DA:510,0
DA:511,0
DA:514,0
DA:521,0
DA:528,0
DA:535,0
DA:540,0
DA:548,0
DA:549,0
DA:553,0
DA:560,0
DA:565,0
DA:576,0
DA:577,0
DA:578,0
DA:579,0
DA:581,0
DA:588,0
DA:589,0
DA:590,0
DA:591,0
DA:592,0
DA:594,0
DA:596,0
DA:611,0
DA:618,0
DA:629,0
DA:630,0
DA:631,0
DA:634,0
DA:635,0
DA:637,0
DA:641,0
DA:642,0
DA:643,0
DA:645,0
DA:649,0
DA:650,0
DA:652,0
DA:656,0
DA:657,0
DA:661,0
DA:663,0
DA:666,0
DA:672,0
DA:683,0
DA:684,0
DA:685,0
DA:688,0
DA:689,0
DA:690,0
DA:700,0
DA:701,0
DA:702,0
DA:712,0
DA:713,0
DA:714,0
DA:724,0
DA:725,0
DA:726,0
DA:729,0
DA:730,0
DA:740,0
DA:741,0
DA:742,0
DA:744,0
DA:745,0
DA:755,0
DA:757,0
DA:770,0
DA:781,0
DA:783,0
DA:784,0
DA:790,0
DA:791,0
DA:793,0
DA:794,0
DA:797,0
DA:800,0
DA:803,0
DA:804,0
DA:808,0
DA:811,0
DA:812,0
DA:816,0
DA:819,0
DA:820,0
DA:824,0
DA:828,0
DA:829,0
DA:832,0
DA:835,0
DA:838,0
DA:848,0
DA:856,0
DA:862,0
DA:870,0
LF:236
LH:0
BRDA:17,0,0,0
BRDA:17,0,1,0
BRDA:81,1,0,0
BRDA:81,1,1,0
BRDA:84,2,0,0
BRDA:84,2,1,0
BRDA:87,3,0,0
BRDA:87,3,1,0
BRDA:90,4,0,0
BRDA:90,4,1,0
BRDA:91,5,0,0
BRDA:91,5,1,0
BRDA:102,6,0,0
BRDA:102,6,1,0
BRDA:170,7,0,0
BRDA:170,7,1,0
BRDA:182,8,0,0
BRDA:182,8,1,0
BRDA:197,9,0,0
BRDA:197,9,1,0
BRDA:262,10,0,0
BRDA:262,10,1,0
BRDA:270,11,0,0
BRDA:270,11,1,0
BRDA:306,12,0,0
BRDA:306,13,0,0
BRDA:306,14,0,0
BRDA:338,15,0,0
BRDA:338,15,1,0
BRDA:339,16,0,0
BRDA:339,16,1,0
BRDA:348,17,0,0
BRDA:348,17,1,0
BRDA:349,18,0,0
BRDA:349,18,1,0
BRDA:350,19,0,0
BRDA:350,19,1,0
BRDA:351,20,0,0
BRDA:351,20,1,0
BRDA:376,21,0,0
BRDA:376,21,1,0
BRDA:402,22,0,0
BRDA:402,22,1,0
BRDA:413,23,0,0
BRDA:413,23,1,0
BRDA:448,24,0,0
BRDA:448,24,1,0
BRDA:466,25,0,0
BRDA:466,25,1,0
BRDA:470,26,0,0
BRDA:470,26,1,0
BRDA:474,27,0,0
BRDA:474,27,1,0
BRDA:479,28,0,0
BRDA:479,28,1,0
BRDA:577,29,0,0
BRDA:578,30,0,0
BRDA:578,30,1,0
BRDA:579,31,0,0
BRDA:579,31,1,0
BRDA:588,32,0,0
BRDA:588,32,1,0
BRDA:689,33,0,0
BRDA:689,33,1,0
BRDA:701,34,0,0
BRDA:701,34,1,0
BRDA:713,35,0,0
BRDA:713,35,1,0
BRDA:729,36,0,0
BRDA:729,36,1,0
BRDA:744,37,0,0
BRDA:744,37,1,0
BRDA:783,38,0,0
BRDA:783,38,1,0
BRDA:797,39,0,0
BRDA:797,39,1,0
BRDA:797,39,2,0
BRDA:797,39,3,0
BRDA:797,39,4,0
BRDA:826,40,0,0
BRDA:826,40,1,0
BRF:81
BRH:0
end_of_record
TN:
SF:src/controllers/staff.controller.js
FN:11,(anonymous_0)
FN:62,(anonymous_1)
FN:170,(anonymous_2)
FN:230,(anonymous_3)
FN:273,(anonymous_4)
FN:371,(anonymous_5)
FN:416,(anonymous_6)
FN:460,(anonymous_7)
FNF:8
FNH:0
FNDA:0,(anonymous_0)
FNDA:0,(anonymous_1)
FNDA:0,(anonymous_2)
FNDA:0,(anonymous_3)
FNDA:0,(anonymous_4)
FNDA:0,(anonymous_5)
FNDA:0,(anonymous_6)
FNDA:0,(anonymous_7)
DA:1,0
DA:2,0
DA:3,0
DA:4,0
DA:5,0
DA:6,0
DA:7,0
DA:8,0
DA:11,0
DA:12,0
DA:13,0
DA:14,0
DA:16,0
DA:21,0
DA:22,0
DA:29,0
DA:30,0
DA:33,0
DA:39,0
DA:41,0
DA:52,0
DA:53,0
DA:62,0
DA:63,0
DA:64,0
DA:65,0
DA:66,0
DA:81,0
DA:84,0
DA:89,0
DA:90,0
DA:97,0
DA:109,0
DA:110,0
DA:111,0
DA:112,0
DA:114,0
DA:117,0
DA:120,0
DA:130,0
DA:142,0
DA:145,0
DA:148,0
DA:149,0
DA:151,0
DA:160,0
DA:161,0
DA:170,0
DA:171,0
DA:172,0
DA:174,0
DA:180,0
DA:181,0
DA:188,0
DA:194,0
DA:202,0
DA:210,0
DA:220,0
DA:221,0
DA:230,0
DA:231,0
DA:232,0
DA:233,0
DA:235,0
DA:241,0
DA:242,0
DA:249,0
DA:250,0
DA:251,0
DA:252,0
DA:254,0
DA:255,0
DA:257,0
DA:263,0
DA:264,0
DA:273,0
DA:274,0
DA:275,0
DA:282,0
DA:285,0
DA:291,0
DA:292,0
DA:299,0
DA:304,0
DA:305,0
DA:311,0
DA:312,0
DA:315,0
DA:316,0
DA:317,0
DA:318,0
DA:319,0
DA:324,0
DA:328,0
DA:345,0
DA:348,0
DA:353,0
DA:355,0
DA:361,0
DA:362,0
DA:371,0
DA:372,0
DA:373,0
DA:374,0
DA:375,0
DA:377,0
DA:382,0
DA:383,0
DA:384,0
DA:386,0
DA:393,0
DA:395,0
DA:406,0
DA:407,0
DA:416,0
DA:417,0
DA:418,0
DA:419,0
DA:420,0
DA:422,0
DA:427,0
DA:429,0
DA:437,0
DA:439,0
DA:450,0
DA:451,0
DA:460,0
DA:461,0
DA:462,0
DA:463,0
DA:464,0
DA:465,0
DA:467,0
DA:468,0
DA:470,0
DA:471,0
DA:473,0
DA:474,0
DA:476,0
DA:477,0
DA:478,0
DA:479,0
DA:480,0
DA:482,0
DA:486,0
LF:145
LH:0
BRDA:13,0,0,0
BRDA:13,1,0,0
BRDA:17,2,0,0
BRDA:17,2,1,0
BRDA:21,3,0,0
BRDA:21,3,1,0
BRDA:29,4,0,0
BRDA:29,4,1,0
BRDA:65,5,0,0
BRDA:65,5,1,0
BRDA:78,6,0,0
BRDA:79,7,0,0
BRDA:80,8,0,0
BRDA:85,9,0,0
BRDA:85,9,1,0
BRDA:89,10,0,0
BRDA:89,10,1,0
BRDA:98,11,0,0
BRDA:98,11,1,0
BRDA:131,12,0,0
BRDA:131,12,1,0
BRDA:176,13,0,0
BRDA:176,13,1,0
BRDA:180,14,0,0
BRDA:180,14,1,0
BRDA:189,15,0,0
BRDA:189,15,1,0
BRDA:195,16,0,0
BRDA:195,16,1,0
BRDA:203,17,0,0
BRDA:203,17,1,0
BRDA:237,18,0,0
BRDA:237,18,1,0
BRDA:241,19,0,0
BRDA:241,19,1,0
BRDA:249,20,0,0
BRDA:249,20,1,0
BRDA:250,21,0,0
BRDA:250,21,1,0
BRDA:251,22,0,0
BRDA:251,22,1,0
BRDA:252,23,0,0
BRDA:252,23,1,0
BRDA:281,24,0,0
BRDA:287,25,0,0
BRDA:287,25,1,0
BRDA:291,26,0,0
BRDA:291,26,1,0
BRDA:300,27,0,0
BRDA:300,27,1,0
BRDA:304,28,0,0
BRDA:304,28,1,0
BRDA:315,29,0,0
BRDA:315,29,1,0
BRDA:315,30,0,0
BRDA:315,30,1,0
BRDA:315,30,2,0
BRDA:317,31,0,0
BRDA:317,31,1,0
BRDA:317,32,0,0
BRDA:317,32,1,0
BRDA:317,32,2,0
BRDA:318,33,0,0
BRDA:318,33,1,0
BRDA:329,34,0,0
BRDA:329,34,1,0
BRDA:349,35,0,0
BRDA:349,35,1,0
BRDA:349,36,0,0
BRDA:349,36,1,0
BRDA:349,36,2,0
BRDA:374,37,0,0
BRDA:374,38,0,0
BRDA:378,39,0,0
BRDA:378,39,1,0
BRDA:382,40,0,0
BRDA:382,40,1,0
BRDA:383,41,0,0
BRDA:383,41,1,0
BRDA:384,42,0,0
BRDA:384,42,1,0
BRDA:419,43,0,0
BRDA:419,44,0,0
BRDA:423,45,0,0
BRDA:423,45,1,0
BRDA:427,46,0,0
BRDA:427,46,1,0
BRDA:464,47,0,0
BRDA:464,47,1,0
BRDA:467,48,0,0
BRDA:467,48,1,0
BRDA:467,49,0,0
BRDA:467,49,1,0
BRDA:470,50,0,0
BRDA:470,50,1,0
BRDA:473,51,0,0
BRDA:473,51,1,0
BRF:97
BRH:0
end_of_record
TN:
SF:src/controllers/subscription.controller.js
FN:6,(anonymous_0)
FN:25,(anonymous_1)
FN:45,(anonymous_2)
FN:55,(anonymous_3)
FNF:4
FNH:0
FNDA:0,(anonymous_0)
FNDA:0,(anonymous_1)
FNDA:0,(anonymous_2)
FNDA:0,(anonymous_3)
DA:1,0
DA:2,0
DA:7,0
DA:8,0
DA:9,0
DA:10,0
DA:11,0
DA:13,0
DA:14,0
DA:15,0
DA:16,0
DA:17,0
DA:18,0
DA:20,0
DA:26,0
DA:27,0
DA:28,0
DA:29,0
DA:30,0
DA:33,0
DA:34,0
DA:35,0
DA:36,0
DA:37,0
DA:38,0
DA:40,0
DA:46,0
DA:47,0
DA:48,0
DA:50,0
DA:56,0
DA:57,0
DA:58,0
DA:60,0
DA:65,0
LF:35
LH:0
BRDA:11,0,0,0
BRDA:11,0,1,0
BRDA:15,1,0,0
BRDA:15,1,1,0
BRDA:16,2,0,0
BRDA:16,2,1,0
BRDA:29,3,0,0
BRDA:29,3,1,0
BRDA:29,4,0,0
BRDA:29,4,1,0
BRDA:35,5,0,0
BRDA:35,5,1,0
BRDA:36,6,0,0
BRDA:36,6,1,0
BRF:14
BRH:0
end_of_record
TN:
SF:src/controllers/superAdmin.controller.js
FN:8,(anonymous_0)
FN:54,(anonymous_1)
FN:84,(anonymous_2)
FN:156,(anonymous_3)
FN:190,(anonymous_4)
FN:222,(anonymous_5)
FN:254,(anonymous_6)
FN:286,(anonymous_7)
FN:335,(anonymous_8)
FN:354,(anonymous_9)
FN:375,(anonymous_10)
FN:409,(anonymous_11)
FN:437,(anonymous_12)
FN:451,(anonymous_13)
FNF:14
FNH:0
FNDA:0,(anonymous_0)
FNDA:0,(anonymous_1)
FNDA:0,(anonymous_2)
FNDA:0,(anonymous_3)
FNDA:0,(anonymous_4)
FNDA:0,(anonymous_5)
FNDA:0,(anonymous_6)
FNDA:0,(anonymous_7)
FNDA:0,(anonymous_8)
FNDA:0,(anonymous_9)
FNDA:0,(anonymous_10)
FNDA:0,(anonymous_11)
FNDA:0,(anonymous_12)
FNDA:0,(anonymous_13)
DA:1,0
DA:2,0
DA:3,0
DA:4,0
DA:5,0
DA:8,0
DA:9,0
DA:10,0
DA:12,0
DA:13,0
DA:14,0
DA:15,0
DA:16,0
DA:23,0
DA:30,0
DA:32,0
DA:45,0
DA:46,0
DA:54,0
DA:55,0
DA:56,0
DA:58,0
DA:62,0
DA:63,0
DA:69,0
DA:75,0
DA:76,0
DA:84,0
DA:85,0
DA:94,0
DA:96,0
DA:99,0
DA:100,0
DA:103,0
DA:122,0
DA:125,0
DA:133,0
DA:147,0
DA:148,0
DA:156,0
DA:157,0
DA:158,0
DA:159,0
DA:161,0
DA:163,0
DA:164,0
DA:171,0
DA:172,0
DA:174,0
DA:181,0
DA:182,0
DA:190,0
DA:191,0
DA:192,0
DA:193,0
DA:195,0
DA:197,0
DA:198,0
DA:204,0
DA:206,0
DA:213,0
DA:214,0
DA:222,0
DA:223,0
DA:224,0
DA:225,0
DA:227,0
DA:229,0
DA:230,0
DA:236,0
DA:238,0
DA:245,0
DA:246,0
DA:254,0
DA:255,0
DA:256,0
DA:257,0
DA:259,0
DA:261,0
DA:262,0
DA:268,0
DA:270,0
DA:277,0
DA:278,0
DA:286,0
DA:287,0
DA:288,0
DA:289,0
DA:291,0
DA:293,0
DA:294,0
DA:300,0
DA:305,0
DA:306,0
DA:312,0
DA:313,0
DA:315,0
DA:326,0
DA:327,0
DA:335,0
DA:336,0
DA:337,0
DA:339,0
DA:345,0
DA:346,0
DA:354,0
DA:355,0
DA:356,0
DA:358,0
DA:360,0
DA:366,0
DA:367,0
DA:375,0
DA:376,0
DA:377,0
DA:379,0
DA:381,0
DA:382,0
DA:389,0
DA:392,0
DA:394,0
DA:400,0
DA:401,0
DA:409,0
DA:410,0
DA:411,0
DA:412,0
DA:413,0
DA:414,0
DA:415,0
DA:416,0
DA:417,0
DA:418,0
DA:419,0
DA:421,0
DA:429,0
DA:430,0
DA:432,0
DA:437,0
DA:438,0
DA:439,0
DA:440,0
DA:441,0
DA:442,0
DA:443,0
DA:444,0
DA:446,0
DA:451,0
DA:452,0
DA:453,0
DA:454,0
DA:455,0
DA:456,0
DA:457,0
DA:458,0
DA:459,0
DA:461,0
DA:465,0
LF:158
LH:0
BRDA:10,0,0,0
BRDA:10,1,0,0
BRDA:13,2,0,0
BRDA:13,2,1,0
BRDA:14,3,0,0
BRDA:14,3,1,0
BRDA:15,4,0,0
BRDA:15,4,1,0
BRDA:62,5,0,0
BRDA:62,5,1,0
BRDA:111,6,0,0
BRDA:111,6,1,0
BRDA:128,7,0,0
BRDA:128,7,1,0
BRDA:141,8,0,0
BRDA:141,8,1,0
BRDA:163,9,0,0
BRDA:163,9,1,0
BRDA:197,10,0,0
BRDA:197,10,1,0
BRDA:229,11,0,0
BRDA:229,11,1,0
BRDA:261,12,0,0
BRDA:261,12,1,0
BRDA:293,13,0,0
BRDA:293,13,1,0
BRDA:305,14,0,0
BRDA:305,14,1,0
BRDA:341,15,0,0
BRDA:341,15,1,0
BRDA:356,16,0,0
BRDA:381,17,0,0
BRDA:381,17,1,0
BRDA:413,18,0,0
BRDA:413,18,1,0
BRDA:415,19,0,0
BRDA:415,19,1,0
BRDA:418,20,0,0
BRDA:418,20,1,0
BRDA:425,21,0,0
BRDA:425,21,1,0
BRDA:441,22,0,0
BRDA:441,22,1,0
BRDA:455,23,0,0
BRDA:455,23,1,0
BRF:45
BRH:0
end_of_record
TN:
SF:src/controllers/tenantSettings.controller.js
FN:10,(anonymous_0)
FN:36,(anonymous_1)
FN:127,(anonymous_2)
FN:182,(anonymous_3)
FN:237,(anonymous_4)
FN:253,(anonymous_5)
FN:259,(anonymous_6)
FN:267,(anonymous_7)
FN:273,(anonymous_8)
FN:308,(anonymous_9)
FN:358,(anonymous_10)
FN:407,(anonymous_11)
FN:436,testEmailDelivery
FN:460,testSMSDelivery
FN:484,testWhatsAppDelivery
FN:510,startMigrationProcess
FN:518,(anonymous_16)
FNF:17
FNH:0
FNDA:0,(anonymous_0)
FNDA:0,(anonymous_1)
FNDA:0,(anonymous_2)
FNDA:0,(anonymous_3)
FNDA:0,(anonymous_4)
FNDA:0,(anonymous_5)
FNDA:0,(anonymous_6)
FNDA:0,(anonymous_7)
FNDA:0,(anonymous_8)
FNDA:0,(anonymous_9)
FNDA:0,(anonymous_10)
FNDA:0,(anonymous_11)
FNDA:0,testEmailDelivery
FNDA:0,testSMSDelivery
FNDA:0,testWhatsAppDelivery
FNDA:0,startMigrationProcess
FNDA:0,(anonymous_16)
DA:1,0
DA:2,0
DA:3,0
DA:4,0
DA:5,0
DA:6,0
DA:7,0
DA:10,0
DA:11,0
DA:12,0
DA:14,0
DA:15,0
DA:21,0
DA:26,0
DA:27,0
DA:36,0
DA:37,0
DA:38,0
DA:39,0
DA:40,0
DA:47,0
DA:49,0
DA:50,0
DA:64,0
DA:67,0
DA:68,0
DA:69,0
DA:70,0
DA:73,0
DA:74,0
DA:75,0
DA:76,0
DA:79,0
DA:80,0
DA:81,0
DA:82,0
DA:85,0
DA:86,0
DA:87,0
DA:88,0
DA:91,0
DA:92,0
DA:93,0
DA:94,0
DA:97,0
DA:98,0
DA:99,0
DA:100,0
DA:103,0
DA:104,0
DA:105,0
DA:106,0
DA:109,0
DA:111,0
DA:117,0
DA:118,0
DA:127,0
DA:128,0
DA:129,0
DA:130,0
DA:136,0
DA:137,0
DA:138,0
DA:145,0
DA:146,0
DA:147,0
DA:149,0
DA:154,0
DA:162,0
DA:164,0
DA:172,0
DA:173,0
DA:182,0
DA:183,0
DA:184,0
DA:185,0
DA:191,0
DA:192,0
DA:193,0
DA:200,0
DA:201,0
DA:202,0
DA:204,0
DA:209,0
DA:217,0
DA:219,0
DA:227,0
DA:228,0
DA:237,0
DA:238,0
DA:239,0
DA:241,0
DA:242,0
DA:243,0
DA:249,0
DA:251,0
DA:253,0
DA:255,0
DA:256,0
DA:259,0
DA:260,0
DA:261,0
DA:266,0
DA:267,0
DA:269,0
DA:270,0
DA:273,0
DA:274,0
DA:275,0
DA:280,0
DA:281,0
DA:284,0
DA:290,0
DA:292,0
DA:298,0
DA:299,0
DA:308,0
DA:309,0
DA:310,0
DA:312,0
DA:313,0
DA:314,0
DA:322,0
DA:324,0
DA:325,0
DA:328,0
DA:329,0
DA:332,0
DA:333,0
DA:336,0
DA:342,0
DA:348,0
DA:349,0
DA:358,0
DA:359,0
DA:360,0
DA:362,0
DA:363,0
DA:364,0
DA:371,0
DA:372,0
DA:376,0
DA:383,0
DA:386,0
DA:388,0
DA:397,0
DA:398,0
DA:407,0
DA:408,0
DA:409,0
DA:410,0
DA:411,0
DA:417,0
DA:426,0
DA:427,0
DA:437,0
DA:439,0
DA:449,0
DA:456,0
DA:457,0
DA:461,0
DA:464,0
DA:466,0
DA:475,0
DA:478,0
DA:481,0
DA:485,0
DA:488,0
DA:490,0
DA:500,0
DA:503,0
DA:506,0
DA:511,0
DA:515,0
DA:518,0
DA:521,0
DA:522,0
DA:523,0
DA:524,0
DA:525,0
DA:529,0
DA:533,0
DA:535,0
DA:536,0
DA:537,0
DA:538,0
DA:539,0
DA:543,0
DA:548,0
LF:189
LH:0
BRDA:12,0,0,0
BRDA:12,0,1,0
BRDA:14,1,0,0
BRDA:14,1,1,0
BRDA:39,2,0,0
BRDA:39,2,1,0
BRDA:47,3,0,0
BRDA:47,3,1,0
BRDA:49,4,0,0
BRDA:49,4,1,0
BRDA:51,5,0,0
BRDA:51,5,1,0
BRDA:67,6,0,0
BRDA:67,6,1,0
BRDA:73,7,0,0
BRDA:73,7,1,0
BRDA:79,8,0,0
BRDA:79,8,1,0
BRDA:85,9,0,0
BRDA:85,9,1,0
BRDA:91,10,0,0
BRDA:91,10,1,0
BRDA:97,11,0,0
BRDA:97,11,1,0
BRDA:103,12,0,0
BRDA:103,12,1,0
BRDA:129,13,0,0
BRDA:129,13,1,0
BRDA:136,14,0,0
BRDA:136,14,1,0
BRDA:137,15,0,0
BRDA:137,15,1,0
BRDA:145,16,0,0
BRDA:145,16,1,0
BRDA:184,17,0,0
BRDA:184,17,1,0
BRDA:191,18,0,0
BRDA:191,18,1,0
BRDA:192,19,0,0
BRDA:192,19,1,0
BRDA:200,20,0,0
BRDA:200,20,1,0
BRDA:241,21,0,0
BRDA:241,21,1,0
BRDA:242,22,0,0
BRDA:242,22,1,0
BRDA:249,23,0,0
BRDA:249,23,1,0
BRDA:249,23,2,0
BRDA:249,23,3,0
BRDA:251,24,0,0
BRDA:251,24,1,0
BRDA:260,25,0,0
BRDA:260,25,1,0
BRDA:266,26,0,0
BRDA:266,26,1,0
BRDA:274,27,0,0
BRDA:274,27,1,0
BRDA:312,28,0,0
BRDA:312,28,1,0
BRDA:313,29,0,0
BRDA:313,29,1,0
BRDA:322,30,0,0
BRDA:322,30,1,0
BRDA:322,30,2,0
BRDA:322,30,3,0
BRDA:362,31,0,0
BRDA:362,31,1,0
BRDA:363,32,0,0
BRDA:363,32,1,0
BRDA:409,33,0,0
BRDA:409,33,1,0
BRDA:410,34,0,0
BRDA:410,34,1,0
BRDA:464,35,0,0
BRDA:464,35,1,0
BRDA:481,36,0,0
BRDA:481,36,1,0
BRDA:488,37,0,0
BRDA:488,37,1,0
BRDA:522,38,0,0
BRDA:522,38,1,0
BRDA:536,39,0,0
BRDA:536,39,1,0
BRF:84
BRH:0
end_of_record
TN:
SF:src/controllers/transaction.controller.js
FN:22,(anonymous_0)
FN:113,(anonymous_1)
FN:146,(anonymous_2)
FN:192,(anonymous_3)
FN:243,(anonymous_4)
FN:284,(anonymous_5)
FN:320,(anonymous_6)
FN:350,(anonymous_7)
FN:393,(anonymous_8)
FN:433,(anonymous_9)
FN:459,(anonymous_10)
FN:495,(anonymous_11)
FN:520,(anonymous_12)
FN:538,(anonymous_13)
FN:552,(anonymous_14)
FN:557,(anonymous_15)
FN:558,(anonymous_16)
FNF:17
FNH:0
FNDA:0,(anonymous_0)
FNDA:0,(anonymous_1)
FNDA:0,(anonymous_2)
FNDA:0,(anonymous_3)
FNDA:0,(anonymous_4)
FNDA:0,(anonymous_5)
FNDA:0,(anonymous_6)
FNDA:0,(anonymous_7)
FNDA:0,(anonymous_8)
FNDA:0,(anonymous_9)
FNDA:0,(anonymous_10)
FNDA:0,(anonymous_11)
FNDA:0,(anonymous_12)
FNDA:0,(anonymous_13)
FNDA:0,(anonymous_14)
FNDA:0,(anonymous_15)
FNDA:0,(anonymous_16)
DA:4,0
DA:5,0
DA:6,0
DA:7,0
DA:8,0
DA:9,0
DA:10,0
DA:11,0
DA:12,0
DA:13,0
DA:14,0
DA:15,0
DA:16,0
DA:17,0
DA:18,0
DA:19,0
DA:23,0
DA:33,0
DA:35,0
DA:36,0
DA:39,0
DA:40,0
DA:41,0
DA:48,0
DA:51,0
DA:52,0
DA:59,0
DA:60,0
DA:67,0
DA:68,0
DA:76,0
DA:96,0
DA:98,0
DA:105,0
DA:106,0
DA:114,0
DA:115,0
DA:116,0
DA:118,0
DA:125,0
DA:126,0
DA:132,0
DA:138,0
DA:139,0
DA:147,0
DA:148,0
DA:149,0
DA:150,0
DA:152,0
DA:154,0
DA:155,0
DA:156,0
DA:157,0
DA:158,0
DA:159,0
DA:162,0
DA:169,0
DA:171,0
DA:184,0
DA:185,0
DA:193,0
DA:194,0
DA:195,0
DA:196,0
DA:197,0
DA:199,0
DA:204,0
DA:205,0
DA:211,0
DA:212,0
DA:218,0
DA:226,0
DA:228,0
DA:235,0
DA:236,0
DA:244,0
DA:245,0
DA:246,0
DA:247,0
DA:248,0
DA:250,0
DA:255,0
DA:256,0
DA:262,0
DA:265,0
DA:266,0
DA:269,0
DA:276,0
DA:277,0
DA:285,0
DA:286,0
DA:287,0
DA:288,0
DA:289,0
DA:291,0
DA:296,0
DA:297,0
DA:303,0
DA:305,0
DA:312,0
DA:313,0
DA:321,0
DA:322,0
DA:323,0
DA:325,0
DA:326,0
DA:327,0
DA:328,0
DA:329,0
DA:331,0
DA:332,0
DA:334,0
DA:336,0
DA:342,0
DA:343,0
DA:351,0
DA:352,0
DA:354,0
DA:361,0
DA:363,0
DA:372,0
DA:373,0
DA:375,0
DA:382,0
DA:383,0
DA:387,0
DA:388,0
DA:394,0
DA:395,0
DA:396,0
DA:397,0
DA:398,0
DA:399,0
DA:400,0
DA:401,0
DA:402,0
DA:403,0
DA:404,0
DA:406,0
DA:410,0
DA:411,0
DA:423,0
DA:424,0
DA:434,0
DA:435,0
DA:436,0
DA:437,0
DA:443,0
DA:444,0
DA:449,0
DA:450,0
DA:460,0
DA:461,0
DA:462,0
DA:463,0
DA:464,0
DA:465,0
DA:467,0
DA:468,0
DA:478,0
DA:479,0
DA:485,0
DA:486,0
DA:496,0
DA:497,0
DA:499,0
DA:502,0
DA:503,0
DA:505,0
DA:506,0
DA:508,0
DA:509,0
DA:512,0
DA:514,0
DA:516,0
DA:521,0
DA:522,0
DA:523,0
DA:524,0
DA:529,0
DA:530,0
DA:532,0
DA:534,0
DA:539,0
DA:540,0
DA:541,0
DA:542,0
DA:543,0
DA:545,0
DA:547,0
DA:552,0
DA:553,0
DA:554,0
DA:556,0
DA:557,0
DA:558,0
DA:559,0
DA:560,0
DA:561,0
DA:563,0
DA:564,0
DA:568,0
LF:202
LH:0
BRDA:40,0,0,0
BRDA:40,0,1,0
BRDA:48,1,0,0
BRDA:48,1,1,0
BRDA:51,2,0,0
BRDA:51,2,1,0
BRDA:59,3,0,0
BRDA:59,3,1,0
BRDA:67,4,0,0
BRDA:67,4,1,0
BRDA:67,5,0,0
BRDA:67,5,1,0
BRDA:125,6,0,0
BRDA:125,6,1,0
BRDA:148,7,0,0
BRDA:148,8,0,0
BRDA:154,9,0,0
BRDA:154,9,1,0
BRDA:155,10,0,0
BRDA:155,10,1,0
BRDA:156,11,0,0
BRDA:156,11,1,0
BRDA:156,12,0,0
BRDA:156,12,1,0
BRDA:158,13,0,0
BRDA:158,13,1,0
BRDA:159,14,0,0
BRDA:159,14,1,0
BRDA:204,15,0,0
BRDA:204,15,1,0
BRDA:211,16,0,0
BRDA:211,16,1,0
BRDA:255,17,0,0
BRDA:255,17,1,0
BRDA:265,18,0,0
BRDA:265,18,1,0
BRDA:296,19,0,0
BRDA:296,19,1,0
BRDA:326,20,0,0
BRDA:326,20,1,0
BRDA:326,21,0,0
BRDA:326,21,1,0
BRDA:328,22,0,0
BRDA:328,22,1,0
BRDA:329,23,0,0
BRDA:329,23,1,0
BRDA:331,24,0,0
BRDA:331,24,1,0
BRDA:332,25,0,0
BRDA:332,25,1,0
BRDA:352,26,0,0
BRDA:352,26,1,0
BRDA:361,27,0,0
BRDA:361,27,1,0
BRDA:373,28,0,0
BRDA:373,28,1,0
BRDA:382,29,0,0
BRDA:382,29,1,0
BRDA:395,30,0,0
BRDA:395,31,0,0
BRDA:396,32,0,0
BRDA:396,32,1,0
BRDA:399,33,0,0
BRDA:399,33,1,0
BRDA:400,34,0,0
BRDA:400,34,1,0
BRDA:401,35,0,0
BRDA:401,35,1,0
BRDA:401,36,0,0
BRDA:401,36,1,0
BRDA:403,37,0,0
BRDA:403,37,1,0
BRDA:404,38,0,0
BRDA:404,38,1,0
BRDA:435,39,0,0
BRDA:435,39,1,0
BRDA:461,40,0,0
BRDA:461,40,1,0
BRDA:464,41,0,0
BRDA:464,41,1,0
BRDA:467,42,0,0
BRDA:467,42,1,0
BRDA:475,43,0,0
BRDA:475,43,1,0
BRDA:499,44,0,0
BRDA:499,44,1,0
BRDA:499,44,2,0
BRDA:499,44,3,0
BRDA:499,44,4,0
BRDA:529,45,0,0
BRDA:529,45,1,0
BRDA:542,46,0,0
BRDA:542,46,1,0
BRDA:554,47,0,0
BRDA:554,47,1,0
BRDA:556,48,0,0
BRDA:556,48,1,0
BRDA:558,49,0,0
BRDA:558,49,1,0
BRDA:559,50,0,0
BRDA:559,50,1,0
BRF:101
BRH:0
end_of_record
TN:
SF:src/controllers/twoFactorAuthController.js
FN:9,(anonymous_0)
FN:39,(anonymous_1)
FN:79,(anonymous_2)
FN:118,(anonymous_3)
FN:158,(anonymous_4)
FN:179,(anonymous_5)
FNF:6
FNH:0
FNDA:0,(anonymous_0)
FNDA:0,(anonymous_1)
FNDA:0,(anonymous_2)
FNDA:0,(anonymous_3)
FNDA:0,(anonymous_4)
FNDA:0,(anonymous_5)
DA:2,0
DA:3,0
DA:10,0
DA:11,0
DA:12,0
DA:13,0
DA:20,0
DA:21,0
DA:23,0
DA:29,0
DA:40,0
DA:41,0
DA:42,0
DA:43,0
DA:50,0
DA:51,0
DA:53,0
DA:56,0
DA:63,0
DA:69,0
DA:80,0
DA:81,0
DA:82,0
DA:83,0
DA:90,0
DA:91,0
DA:93,0
DA:95,0
DA:96,0
DA:102,0
DA:108,0
DA:119,0
DA:120,0
DA:121,0
DA:122,0
DA:129,0
DA:130,0
DA:132,0
DA:135,0
DA:142,0
DA:148,0
DA:159,0
DA:160,0
DA:161,0
DA:163,0
DA:169,0
DA:180,0
DA:181,0
DA:182,0
DA:183,0
DA:190,0
DA:191,0
DA:193,0
DA:196,0
DA:203,0
DA:209,0
DA:217,0
LF:57
LH:0
BRDA:12,0,0,0
BRDA:12,0,1,0
BRDA:42,1,0,0
BRDA:42,1,1,0
BRDA:82,2,0,0
BRDA:82,2,1,0
BRDA:95,3,0,0
BRDA:95,3,1,0
BRDA:121,4,0,0
BRDA:121,4,1,0
BRDA:182,5,0,0
BRDA:182,5,1,0
BRF:12
BRH:0
end_of_record
TN:
SF:src/core/business-logic/BusinessLogicManager.js
FNF:0
FNH:0
LF:0
LH:0
BRF:0
BRH:0
end_of_record
TN:
SF:src/core/multi-tenancy/TenantHierarchyService.js
FN:10,(anonymous_0)
FN:22,(anonymous_1)
FN:63,(anonymous_2)
FN:89,(anonymous_3)
FN:115,(anonymous_4)
FN:122,(anonymous_5)
FN:161,(anonymous_6)
FN:181,(anonymous_7)
FN:226,(anonymous_8)
FN:269,(anonymous_9)
FN:304,(anonymous_10)
FN:322,(anonymous_11)
FN:330,(anonymous_12)
FN:334,(anonymous_13)
FN:346,(anonymous_14)
FNF:15
FNH:0
FNDA:0,(anonymous_0)
FNDA:0,(anonymous_1)
FNDA:0,(anonymous_2)
FNDA:0,(anonymous_3)
FNDA:0,(anonymous_4)
FNDA:0,(anonymous_5)
FNDA:0,(anonymous_6)
FNDA:0,(anonymous_7)
FNDA:0,(anonymous_8)
FNDA:0,(anonymous_9)
FNDA:0,(anonymous_10)
FNDA:0,(anonymous_11)
FNDA:0,(anonymous_12)
FNDA:0,(anonymous_13)
FNDA:0,(anonymous_14)
DA:1,0
DA:2,0
DA:3,0
DA:11,0
DA:23,0
DA:24,0
DA:25,0
DA:26,0
DA:29,0
DA:30,0
DA:32,0
DA:33,0
DA:37,0
DA:38,0
DA:42,0
DA:44,0
DA:53,0
DA:55,0
DA:56,0
DA:65,0
DA:66,0
DA:70,0
DA:71,0
DA:72,0
DA:76,0
DA:77,0
DA:78,0
DA:79,0
DA:83,0
DA:90,0
DA:91,0
DA:94,0
DA:95,0
DA:99,0
DA:100,0
DA:101,0
DA:102,0
DA:104,0
DA:105,0
DA:106,0
DA:109,0
DA:116,0
DA:123,0
DA:124,0
DA:125,0
DA:126,0
DA:129,0
DA:131,0
DA:134,0
DA:135,0
DA:136,0
DA:140,0
DA:143,0
DA:145,0
DA:151,0
DA:153,0
DA:154,0
DA:162,0
DA:167,0
DA:170,0
DA:171,0
DA:172,0
DA:175,0
DA:182,0
DA:183,0
DA:186,0
DA:187,0
DA:188,0
DA:189,0
DA:193,0
DA:194,0
DA:198,0
DA:207,0
DA:209,0
DA:216,0
DA:218,0
DA:219,0
DA:227,0
DA:228,0
DA:229,0
DA:230,0
DA:234,0
DA:235,0
DA:236,0
DA:237,0
DA:241,0
DA:242,0
DA:246,0
DA:247,0
DA:251,0
DA:252,0
DA:254,0
DA:259,0
DA:261,0
DA:262,0
DA:270,0
DA:271,0
DA:272,0
DA:273,0
DA:277,0
DA:280,0
DA:281,0
DA:282,0
DA:286,0
DA:287,0
DA:289,0
DA:294,0
DA:296,0
DA:297,0
DA:305,0
DA:308,0
DA:309,0
DA:310,0
DA:311,0
DA:313,0
DA:316,0
DA:322,0
DA:323,0
DA:328,0
DA:330,0
DA:334,0
DA:336,0
DA:338,0
DA:339,0
DA:347,0
DA:348,0
DA:349,0
DA:350,0
DA:354,0
DA:355,0
DA:359,0
DA:360,0
DA:364,0
DA:366,0
DA:372,0
DA:373,0
DA:378,0
LF:137
LH:0
BRDA:22,0,0,0
BRDA:25,1,0,0
BRDA:25,1,1,0
BRDA:32,2,0,0
BRDA:32,2,1,0
BRDA:37,3,0,0
BRDA:37,3,1,0
BRDA:65,4,0,0
BRDA:65,4,1,0
BRDA:71,5,0,0
BRDA:71,5,1,0
BRDA:76,6,0,0
BRDA:76,6,1,0
BRDA:78,7,0,0
BRDA:78,7,1,0
BRDA:91,8,0,0
BRDA:91,8,1,0
BRDA:94,9,0,0
BRDA:94,9,1,0
BRDA:94,10,0,0
BRDA:94,10,1,0
BRDA:101,11,0,0
BRDA:101,11,1,0
BRDA:105,12,0,0
BRDA:105,12,1,0
BRDA:125,13,0,0
BRDA:125,13,1,0
BRDA:129,14,0,0
BRDA:129,14,1,0
BRDA:135,15,0,0
BRDA:135,15,1,0
BRDA:186,16,0,0
BRDA:186,16,1,0
BRDA:188,17,0,0
BRDA:188,17,1,0
BRDA:193,18,0,0
BRDA:193,18,1,0
BRDA:229,19,0,0
BRDA:229,19,1,0
BRDA:234,20,0,0
BRDA:234,20,1,0
BRDA:234,21,0,0
BRDA:234,21,1,0
BRDA:236,22,0,0
BRDA:236,22,1,0
BRDA:241,23,0,0
BRDA:241,23,1,0
BRDA:246,24,0,0
BRDA:246,24,1,0
BRDA:272,25,0,0
BRDA:272,25,1,0
BRDA:304,26,0,0
BRDA:308,27,0,0
BRDA:308,27,1,0
BRDA:310,28,0,0
BRDA:310,28,1,0
BRDA:349,29,0,0
BRDA:349,29,1,0
BRDA:354,30,0,0
BRDA:354,30,1,0
BRDA:359,31,0,0
BRDA:359,31,1,0
BRDA:359,32,0,0
BRDA:359,32,1,0
BRDA:369,33,0,0
BRDA:369,33,1,0
BRF:66
BRH:0
end_of_record
TN:
SF:src/middleware/auditMiddleware.js
FN:11,(anonymous_0)
FN:12,(anonymous_1)
FN:43,(anonymous_2)
FN:49,(anonymous_3)
FN:55,(anonymous_4)
FN:64,(anonymous_5)
FN:136,(anonymous_6)
FN:162,(anonymous_7)
FN:181,(anonymous_8)
FN:195,(anonymous_9)
FN:211,(anonymous_10)
FN:229,(anonymous_11)
FN:252,(anonymous_12)
FN:270,(anonymous_13)
FN:290,(anonymous_14)
FN:291,(anonymous_15)
FN:294,(anonymous_16)
FNF:17
FNH:0
FNDA:0,(anonymous_0)
FNDA:0,(anonymous_1)
FNDA:0,(anonymous_2)
FNDA:0,(anonymous_3)
FNDA:0,(anonymous_4)
FNDA:0,(anonymous_5)
FNDA:0,(anonymous_6)
FNDA:0,(anonymous_7)
FNDA:0,(anonymous_8)
FNDA:0,(anonymous_9)
FNDA:0,(anonymous_10)
FNDA:0,(anonymous_11)
FNDA:0,(anonymous_12)
FNDA:0,(anonymous_13)
FNDA:0,(anonymous_14)
FNDA:0,(anonymous_15)
FNDA:0,(anonymous_16)
DA:1,0
DA:2,0
DA:12,0
DA:13,0
DA:14,0
DA:17,0
DA:18,0
DA:21,0
DA:35,0
DA:36,0
DA:37,0
DA:39,0
DA:40,0
DA:43,0
DA:44,0
DA:45,0
DA:46,0
DA:49,0
DA:50,0
DA:51,0
DA:52,0
DA:55,0
DA:56,0
DA:57,0
DA:58,0
DA:60,0
DA:64,0
DA:65,0
DA:67,0
DA:69,0
DA:70,0
DA:73,0
DA:112,0
DA:113,0
DA:117,0
DA:118,0
DA:122,0
DA:125,0
DA:129,0
DA:137,0
DA:138,0
DA:140,0
DA:141,0
DA:142,0
DA:143,0
DA:144,0
DA:145,0
DA:146,0
DA:147,0
DA:148,0
DA:149,0
DA:150,0
DA:151,0
DA:152,0
DA:153,0
DA:155,0
DA:163,0
DA:165,0
DA:166,0
DA:167,0
DA:168,0
DA:169,0
DA:170,0
DA:171,0
DA:172,0
DA:173,0
DA:175,0
DA:182,0
DA:184,0
DA:185,0
DA:186,0
DA:187,0
DA:189,0
DA:196,0
DA:197,0
DA:199,0
DA:200,0
DA:201,0
DA:205,0
DA:212,0
DA:214,0
DA:215,0
DA:217,0
DA:218,0
DA:219,0
DA:223,0
DA:230,0
DA:232,0
DA:233,0
DA:234,0
DA:236,0
DA:237,0
DA:238,0
DA:239,0
DA:243,0
DA:245,0
DA:253,0
DA:254,0
DA:261,0
DA:263,0
DA:271,0
DA:284,0
DA:291,0
DA:292,0
DA:294,0
DA:295,0
DA:297,0
DA:320,0
DA:325,0
LF:109
LH:0
BRDA:11,0,0,0
BRDA:18,1,0,0
BRDA:18,1,1,0
BRDA:24,2,0,0
BRDA:24,2,1,0
BRDA:30,3,0,0
BRDA:30,3,1,0
BRDA:31,4,0,0
BRDA:31,4,1,0
BRDA:56,5,0,0
BRDA:56,5,1,0
BRDA:95,6,0,0
BRDA:95,6,1,0
BRDA:96,7,0,0
BRDA:96,7,1,0
BRDA:102,8,0,0
BRDA:102,8,1,0
BRDA:112,9,0,0
BRDA:112,9,1,0
BRDA:117,10,0,0
BRDA:117,10,1,0
BRDA:117,11,0,0
BRDA:117,11,1,0
BRDA:140,12,0,0
BRDA:140,12,1,0
BRDA:142,13,0,0
BRDA:142,13,1,0
BRDA:144,14,0,0
BRDA:144,14,1,0
BRDA:146,15,0,0
BRDA:146,15,1,0
BRDA:148,16,0,0
BRDA:148,16,1,0
BRDA:150,17,0,0
BRDA:150,17,1,0
BRDA:152,18,0,0
BRDA:152,18,1,0
BRDA:165,19,0,0
BRDA:165,19,1,0
BRDA:166,20,0,0
BRDA:166,20,1,0
BRDA:167,21,0,0
BRDA:167,21,1,0
BRDA:168,22,0,0
BRDA:168,22,1,0
BRDA:169,23,0,0
BRDA:169,23,1,0
BRDA:170,24,0,0
BRDA:170,24,1,0
BRDA:171,25,0,0
BRDA:171,25,1,0
BRDA:172,26,0,0
BRDA:172,26,1,0
BRDA:173,27,0,0
BRDA:173,27,1,0
BRDA:182,28,0,0
BRDA:182,28,1,0
BRDA:184,29,0,0
BRDA:184,29,1,0
BRDA:185,30,0,0
BRDA:185,30,1,0
BRDA:186,31,0,0
BRDA:186,31,1,0
BRDA:187,32,0,0
BRDA:187,32,1,0
BRDA:200,33,0,0
BRDA:200,33,1,0
BRDA:212,34,0,0
BRDA:212,34,1,0
BRDA:218,35,0,0
BRDA:218,35,1,0
BRDA:230,36,0,0
BRDA:230,36,1,0
BRDA:233,37,0,0
BRDA:233,37,1,0
BRDA:238,38,0,0
BRDA:238,38,1,0
BRDA:284,39,0,0
BRDA:284,39,1,0
BRDA:300,40,0,0
BRDA:300,40,1,0
BRDA:301,41,0,0
BRDA:301,41,1,0
BRDA:315,42,0,0
BRDA:315,42,1,0
BRDA:316,43,0,0
BRDA:316,43,1,0
BRF:87
BRH:0
end_of_record
TN:
SF:src/middleware/auth-fixed.js
FN:6,(anonymous_0)
FN:85,(anonymous_1)
FN:86,(anonymous_2)
FN:95,(anonymous_3)
FN:103,(anonymous_4)
FN:118,(anonymous_5)
FN:185,(anonymous_6)
FN:196,(anonymous_7)
FN:205,(anonymous_8)
FNF:9
FNH:0
FNDA:0,(anonymous_0)
FNDA:0,(anonymous_1)
FNDA:0,(anonymous_2)
FNDA:0,(anonymous_3)
FNDA:0,(anonymous_4)
FNDA:0,(anonymous_5)
FNDA:0,(anonymous_6)
FNDA:0,(anonymous_7)
FNDA:0,(anonymous_8)
DA:1,0
DA:2,0
DA:3,0
DA:4,0
DA:6,0
DA:7,0
DA:9,0
DA:10,0
DA:11,0
DA:17,0
DA:20,0
DA:23,0
DA:24,0
DA:25,0
DA:32,0
DA:33,0
DA:40,0
DA:41,0
DA:42,0
DA:50,0
DA:58,0
DA:60,0
DA:62,0
DA:63,0
DA:69,0
DA:70,0
DA:76,0
DA:77,0
DA:85,0
DA:86,0
DA:87,0
DA:88,0
DA:95,0
DA:96,0
DA:100,0
DA:101,0
DA:102,0
DA:103,0
DA:104,0
DA:106,0
DA:110,0
DA:118,0
DA:119,0
DA:121,0
DA:122,0
DA:126,0
DA:131,0
DA:132,0
DA:139,0
DA:140,0
DA:147,0
DA:148,0
DA:155,0
DA:156,0
DA:157,0
DA:163,0
DA:164,0
DA:171,0
DA:172,0
DA:174,0
DA:176,0
DA:177,0
DA:185,0
DA:186,0
DA:187,0
DA:191,0
DA:192,0
DA:193,0
DA:195,0
DA:196,0
DA:197,0
DA:198,0
DA:200,0
DA:204,0
DA:205,0
DA:206,0
DA:207,0
DA:209,0
DA:213,0
DA:216,0
LF:80
LH:0
BRDA:10,0,0,0
BRDA:10,0,1,0
BRDA:10,1,0,0
BRDA:10,1,1,0
BRDA:24,2,0,0
BRDA:24,2,1,0
BRDA:32,3,0,0
BRDA:32,3,1,0
BRDA:40,4,0,0
BRDA:40,4,1,0
BRDA:40,5,0,0
BRDA:40,5,1,0
BRDA:41,6,0,0
BRDA:41,6,1,0
BRDA:41,7,0,0
BRDA:41,7,1,0
BRDA:62,8,0,0
BRDA:62,8,1,0
BRDA:69,9,0,0
BRDA:69,9,1,0
BRDA:87,10,0,0
BRDA:87,10,1,0
BRDA:95,11,0,0
BRDA:95,11,1,0
BRDA:100,12,0,0
BRDA:100,12,1,0
BRDA:100,13,0,0
BRDA:100,13,1,0
BRDA:104,14,0,0
BRDA:104,14,1,0
BRDA:106,15,0,0
BRDA:106,15,1,0
BRDA:121,16,0,0
BRDA:121,16,1,0
BRDA:126,17,0,0
BRDA:126,17,1,0
BRDA:126,17,2,0
BRDA:126,17,3,0
BRDA:131,18,0,0
BRDA:131,18,1,0
BRDA:139,19,0,0
BRDA:139,19,1,0
BRDA:147,20,0,0
BRDA:147,20,1,0
BRDA:147,21,0,0
BRDA:147,21,1,0
BRDA:156,22,0,0
BRDA:156,22,1,0
BRDA:163,23,0,0
BRDA:163,23,1,0
BRDA:186,24,0,0
BRDA:186,24,1,0
BRDA:195,25,0,0
BRDA:195,25,1,0
BRDA:196,26,0,0
BRDA:197,27,0,0
BRDA:197,27,1,0
BRDA:204,28,0,0
BRDA:204,28,1,0
BRDA:205,29,0,0
BRDA:206,30,0,0
BRDA:206,30,1,0
BRF:62
BRH:0
end_of_record
TN:
SF:src/middleware/authMiddleware.js
FN:5,(anonymous_0)
FNF:1
FNH:0
FNDA:0,(anonymous_0)
DA:2,0
DA:3,0
DA:5,0
DA:6,0
DA:7,0
DA:9,0
DA:10,0
DA:16,0
DA:17,0
DA:19,0
DA:20,0
DA:26,0
DA:27,0
DA:29,0
DA:36,0
LF:15
LH:0
BRDA:9,0,0,0
BRDA:9,0,1,0
BRDA:19,1,0,0
BRDA:19,1,1,0
BRDA:19,2,0,0
BRDA:19,2,1,0
BRF:6
BRH:0
end_of_record
TN:
SF:src/middleware/csrf.js
FN:14,(anonymous_0)
FN:32,(anonymous_1)
FNF:2
FNH:0
FNDA:0,(anonymous_0)
FNDA:0,(anonymous_1)
DA:1,0
DA:2,0
DA:5,0
DA:14,0
DA:15,0
DA:16,0
DA:22,0
DA:28,0
DA:32,0
DA:33,0
DA:38,0
DA:41,0
LF:12
LH:0
BRDA:15,0,0,0
BRDA:15,0,1,0
BRF:2
BRH:0
end_of_record
TN:
SF:src/middleware/enhancedAuthMiddleware.js
FN:12,(anonymous_0)
FN:21,(anonymous_1)
FN:98,(anonymous_2)
FN:126,(anonymous_3)
FN:163,(anonymous_4)
FN:186,(anonymous_5)
FN:187,(anonymous_6)
FN:198,(anonymous_7)
FN:222,(anonymous_8)
FN:257,(anonymous_9)
FN:261,(anonymous_10)
FN:264,(anonymous_11)
FN:277,(anonymous_12)
FN:280,(anonymous_13)
FN:290,(anonymous_14)
FN:314,(anonymous_15)
FN:331,(anonymous_16)
FN:342,(anonymous_17)
FN:350,(anonymous_18)
FN:378,(anonymous_19)
FN:379,(anonymous_20)
FN:392,(anonymous_21)
FN:412,(anonymous_22)
FN:413,(anonymous_23)
FN:416,(anonymous_24)
FNF:25
FNH:0
FNDA:0,(anonymous_0)
FNDA:0,(anonymous_1)
FNDA:0,(anonymous_2)
FNDA:0,(anonymous_3)
FNDA:0,(anonymous_4)
FNDA:0,(anonymous_5)
FNDA:0,(anonymous_6)
FNDA:0,(anonymous_7)
FNDA:0,(anonymous_8)
FNDA:0,(anonymous_9)
FNDA:0,(anonymous_10)
FNDA:0,(anonymous_11)
FNDA:0,(anonymous_12)
FNDA:0,(anonymous_13)
FNDA:0,(anonymous_14)
FNDA:0,(anonymous_15)
FNDA:0,(anonymous_16)
FNDA:0,(anonymous_17)
FNDA:0,(anonymous_18)
FNDA:0,(anonymous_19)
FNDA:0,(anonymous_20)
FNDA:0,(anonymous_21)
FNDA:0,(anonymous_22)
FNDA:0,(anonymous_23)
FNDA:0,(anonymous_24)
DA:1,0
DA:2,0
DA:3,0
DA:4,0
DA:5,0
DA:13,0
DA:14,0
DA:15,0
DA:21,0
DA:22,0
DA:24,0
DA:26,0
DA:27,0
DA:34,0
DA:35,0
DA:36,0
DA:43,0
DA:44,0
DA:45,0
DA:53,0
DA:54,0
[...]
DA:84,0
DA:89,0
DA:90,0
DA:93,0
DA:94,0
DA:98,0
DA:99,0
DA:103,0
DA:104,0
DA:106,0
DA:110,0
DA:111,0
DA:112,0
DA:116,0
DA:117,0
DA:118,0
DA:121,0
DA:123,0
DA:124,0
DA:132,0
DA:133,0
DA:135,0
DA:136,0
DA:138,0
DA:142,0
DA:149,0
DA:177,0
DA:178,0
DA:185,0
DA:197,0
DA:198,0
DA:200,0
DA:207,0
DA:261,0
DA:262,0
DA:269,0
DA:272,0
DA:284,0
DA:291,0
DA:306,0
DA:309,0
DA:316,0
DA:317,0
DA:322,0
DA:323,0
DA:327,0
DA:332,0
DA:333,0
DA:337,0
DA:338,0
DA:342,0
DA:343,0
DA:344,0
DA:347,0
DA:353,0
DA:359,0
DA:367,0
DA:368,0
DA:370,0
DA:387,0
DA:388,0
DA:389,0
DA:391,0
DA:402,0
DA:403,0
DA:410,0
DA:411,0
DA:412,0
DA:420,0
DA:428,0
DA:436,0
DA:443,0
DA:444,0
DA:451,0
DA:452,0
DA:453,0
DA:454,0
DA:455,0
DA:457,0
DA:464,0
DA:465,0
DA:466,0
DA:467,0
DA:469,0
DA:477,0
DA:485,0
DA:492,0
DA:521,0
DA:522,0
DA:524,0
DA:525,0
DA:526,0
DA:530,0
DA:534,0
LF:127
LH:0
BRDA:30,0,0,0
BRDA:30,0,1,0
BRDA:83,1,0,0
BRDA:83,1,1,0
BRDA:89,2,0,0
BRDA:89,2,1,0
BRDA:93,3,0,0
BRDA:93,3,1,0
BRDA:98,4,0,0
BRDA:98,4,1,0
BRDA:104,5,0,0
BRDA:104,5,1,0
BRDA:104,6,0,0
BRDA:104,6,1,0
BRDA:111,7,0,0
BRDA:111,7,1,0
BRDA:117,8,0,0
BRDA:117,8,1,0
BRDA:117,9,0,0
BRDA:117,9,1,0
BRDA:136,10,0,0
BRDA:136,10,1,0
BRDA:322,11,0,0
BRDA:322,11,1,0
BRDA:332,12,0,0
BRDA:332,12,1,0
BRDA:337,13,0,0
BRDA:337,13,1,0
BRDA:343,14,0,0
BRDA:343,14,1,0
BRDA:387,15,0,0
BRDA:387,15,1,0
BRDA:402,16,0,0
BRDA:402,16,1,0
BRDA:444,17,0,0
BRDA:444,17,1,0
BRDA:485,18,0,0
BRDA:485,18,1,0
BRDA:525,19,0,0
BRDA:525,19,1,0
BRF:40
BRH:0
end_of_record
TN:
SF:src/services/twoFactorAuthService.js
FN:11,(anonymous_0)
FN:42,(anonymous_1)
FN:64,(anonymous_2)
FN:82,(anonymous_3)
FN:117,(anonymous_4)
FN:144,(anonymous_5)
FN:155,(anonymous_6)
FN:162,(anonymous_7)
FN:166,(anonymous_8)
FN:183,(anonymous_9)
FN:194,(anonymous_10)
FN:205,(anonymous_11)
FN:220,(anonymous_12)
FNF:13
FNH:0
FNDA:0,(anonymous_0)
FNDA:0,(anonymous_1)
FNDA:0,(anonymous_2)
FNDA:0,(anonymous_3)
FNDA:0,(anonymous_4)
FNDA:0,(anonymous_5)
FNDA:0,(anonymous_6)
FNDA:0,(anonymous_7)
FNDA:0,(anonymous_8)
FNDA:0,(anonymous_9)
FNDA:0,(anonymous_10)
FNDA:0,(anonymous_11)
FNDA:0,(anonymous_12)
DA:2,0
DA:3,0
DA:4,0
DA:5,0
DA:12,0
DA:13,0
DA:14,0
DA:15,0
DA:18,0
DA:25,0
DA:26,0
DA:27,0
DA:29,0
DA:35,0
DA:43,0
DA:44,0
DA:45,0
DA:46,0
DA:49,0
DA:56,0
DA:57,0
DA:61,0
DA:63,0
DA:64,0
DA:68,0
DA:70,0
DA:75,0
DA:83,0
DA:84,0
DA:85,0
DA:86,0
DA:90,0
DA:91,0
DA:95,0
DA:102,0
DA:104,0
DA:105,0
DA:108,0
DA:110,0
DA:118,0
DA:119,0
DA:120,0
DA:121,0
DA:125,0
DA:126,0
DA:127,0
DA:130,0
DA:131,0
DA:132,0
DA:133,0
DA:135,0
DA:137,0
DA:145,0
DA:146,0
DA:147,0
DA:149,0
DA:156,0
DA:163,0
DA:165,0
DA:166,0
DA:169,0
DA:170,0
DA:174,0
DA:175,0
DA:177,0
DA:184,0
DA:185,0
DA:186,0
DA:187,0
DA:190,0
DA:194,0
DA:198,0
DA:206,0
DA:207,0
DA:208,0
DA:209,0
DA:213,0
DA:214,0
DA:215,0
DA:219,0
DA:220,0
DA:224,0
DA:226,0
DA:228,0
DA:233,0
LF:85
LH:0
BRDA:14,0,0,0
BRDA:14,0,1,0
BRDA:45,1,0,0
BRDA:45,1,1,0
BRDA:45,2,0,0
BRDA:45,2,1,0
BRDA:56,3,0,0
BRDA:56,3,1,0
BRDA:85,4,0,0
BRDA:85,4,1,0
BRDA:85,5,0,0
BRDA:85,5,1,0
BRDA:90,6,0,0
BRDA:90,6,1,0
BRDA:102,7,0,0
BRDA:102,7,1,0
BRDA:120,8,0,0
BRDA:120,8,1,0
BRDA:126,9,0,0
BRDA:126,9,1,0
BRDA:166,10,0,0
BRDA:166,10,1,0
BRDA:169,11,0,0
BRDA:169,11,1,0
BRDA:186,12,0,0
BRDA:186,12,1,0
BRDA:191,13,0,0
BRDA:191,13,1,0
BRDA:193,14,0,0
BRDA:193,14,1,0
BRDA:208,15,0,0
BRDA:208,15,1,0
BRDA:208,16,0,0
BRDA:208,16,1,0
BRDA:214,17,0,0
BRDA:214,17,1,0
BRF:36
BRH:0
end_of_record
TN:
SF:src/services/external/emailService.js
FN:13,sendMail
FNF:1
FNH:0
FNDA:0,sendMail
DA:1,0
DA:3,0
DA:14,0
DA:23,0
LF:4
LH:0
BRF:0
BRH:0
end_of_record
TN:
SF:src/services/external/smsService.js
FN:3,sendSMS
FNF:1
FNH:0
FNDA:0,sendSMS
DA:1,0
DA:4,0
DA:6,0
DA:14,0
DA:22,0
DA:33,0
DA:37,0
LF:7
LH:0
BRDA:4,0,0,0
BRDA:4,0,1,0
BRDA:4,0,2,0
BRDA:4,0,3,0
BRF:4
BRH:0
end_of_record
TN:
SF:src/socket/socket-auth.js
FN:6,(anonymous_0)
FN:53,(anonymous_1)
FNF:2
FNH:0
FNDA:0,(anonymous_0)
FNDA:0,(anonymous_1)
DA:1,0
DA:2,0
DA:3,0
DA:6,0
DA:7,0
DA:9,0
DA:11,0
DA:12,0
DA:16,0
DA:19,0
DA:20,0
DA:21,0
DA:25,0
DA:26,0
DA:30,0
DA:31,0
DA:32,0
DA:37,0
DA:45,0
DA:47,0
DA:48,0
DA:53,0
DA:54,0
DA:56,0
DA:57,0
DA:61,0
DA:62,0
DA:65,0
DA:67,0
DA:68,0
DA:72,0
LF:31
LH:0
BRDA:9,0,0,0
BRDA:9,0,1,0
BRDA:11,1,0,0
BRDA:11,1,1,0
BRDA:20,2,0,0
BRDA:20,2,1,0
BRDA:25,3,0,0
BRDA:25,3,1,0
BRDA:30,4,0,0
BRDA:30,4,1,0
BRDA:30,5,0,0
BRDA:30,5,1,0
BRDA:31,6,0,0
BRDA:31,6,1,0
BRDA:31,7,0,0
BRDA:31,7,1,0
BRDA:56,8,0,0
BRDA:56,8,1,0
BRDA:61,9,0,0
BRDA:61,9,1,0
BRDA:61,10,0,0
BRDA:61,10,1,0
BRF:22
BRH:0
end_of_record
TN:
SF:src/socket/socket-handlers.js
FN:5,(anonymous_0)
FN:9,(anonymous_1)
FN:17,(anonymous_2)
FN:51,(anonymous_3)
FN:80,(anonymous_4)
FN:88,(anonymous_5)
FN:111,(anonymous_6)
FN:119,(anonymous_7)
FN:142,(anonymous_8)
FN:153,(anonymous_9)
FN:178,(anonymous_10)
FN:183,(anonymous_11)
FN:189,(anonymous_12)
FN:193,(anonymous_13)
FN:197,(anonymous_14)
FNF:15
FNH:0
FNDA:0,(anonymous_0)
FNDA:0,(anonymous_1)
FNDA:0,(anonymous_2)
FNDA:0,(anonymous_3)
FNDA:0,(anonymous_4)
FNDA:0,(anonymous_5)
FNDA:0,(anonymous_6)
FNDA:0,(anonymous_7)
FNDA:0,(anonymous_8)
FNDA:0,(anonymous_9)
FNDA:0,(anonymous_10)
FNDA:0,(anonymous_11)
FNDA:0,(anonymous_12)
FNDA:0,(anonymous_13)
FNDA:0,(anonymous_14)
DA:1,0
DA:2,0
DA:5,0
DA:6,0
DA:9,0
DA:10,0
DA:12,0
DA:13,0
DA:17,0
DA:18,0
DA:19,0
DA:26,0
DA:29,0
DA:32,0
DA:33,0
DA:36,0
DA:38,0
DA:45,0
DA:46,0
DA:51,0
DA:52,0
DA:54,0
DA:55,0
DA:59,0
DA:60,0
DA:64,0
DA:66,0
DA:68,0
DA:74,0
DA:75,0
DA:80,0
DA:81,0
DA:83,0
DA:84,0
DA:88,0
DA:89,0
DA:90,0
DA:97,0
DA:99,0
DA:105,0
DA:106,0
DA:111,0
DA:112,0
DA:114,0
DA:115,0
DA:119,0
DA:120,0
DA:121,0
DA:128,0
DA:130,0
DA:136,0
DA:137,0
DA:142,0
DA:143,0
DA:144,0
DA:147,0
DA:149,0
DA:153,0
DA:154,0
DA:155,0
DA:162,0
DA:169,0
DA:172,0
DA:173,0
DA:178,0
DA:179,0
DA:183,0
DA:184,0
DA:189,0
DA:190,0
DA:193,0
DA:194,0
DA:197,0
DA:198,0
DA:201,0
LF:75
LH:0
BRDA:12,0,0,0
BRDA:12,0,1,0
BRDA:18,1,0,0
BRDA:18,1,1,0
BRDA:18,2,0,0
BRDA:18,2,1,0
BRDA:21,3,0,0
BRDA:21,3,1,0
BRDA:32,4,0,0
BRDA:32,4,1,0
BRDA:54,5,0,0
BRDA:54,5,1,0
BRDA:59,6,0,0
BRDA:59,6,1,0
BRDA:83,7,0,0
BRDA:83,7,1,0
BRDA:89,8,0,0
BRDA:89,8,1,0
BRDA:89,9,0,0
BRDA:89,9,1,0
BRDA:92,10,0,0
BRDA:92,10,1,0
BRDA:114,11,0,0
BRDA:114,11,1,0
BRDA:120,12,0,0
BRDA:120,12,1,0
BRDA:120,13,0,0
BRDA:120,13,1,0
BRDA:123,14,0,0
BRDA:123,14,1,0
BRDA:147,15,0,0
BRDA:147,15,1,0
BRDA:147,16,0,0
BRDA:147,16,1,0
BRDA:154,17,0,0
BRDA:154,17,1,0
BRDA:154,18,0,0
BRDA:154,18,1,0
BRDA:157,19,0,0
BRDA:157,19,1,0
BRF:40
BRH:0
end_of_record
TN:
SF:src/utils/auditLogger.js
FN:8,(anonymous_0)
FN:29,(anonymous_1)
FN:88,(anonymous_2)
FN:99,(anonymous_3)
FN:115,(anonymous_4)
FN:132,(anonymous_5)
FN:139,(anonymous_6)
FN:146,(anonymous_7)
FN:153,(anonymous_8)
FN:192,(anonymous_9)
FN:215,(anonymous_10)
FN:235,(anonymous_11)
FN:242,(anonymous_12)
FN:249,(anonymous_13)
FN:309,(anonymous_14)
FN:338,(anonymous_15)
FNF:16
FNH:0
FNDA:0,(anonymous_0)
FNDA:0,(anonymous_1)
FNDA:0,(anonymous_2)
FNDA:0,(anonymous_3)
FNDA:0,(anonymous_4)
FNDA:0,(anonymous_5)
FNDA:0,(anonymous_6)
FNDA:0,(anonymous_7)
FNDA:0,(anonymous_8)
FNDA:0,(anonymous_9)
FNDA:0,(anonymous_10)
FNDA:0,(anonymous_11)
FNDA:0,(anonymous_12)
FNDA:0,(anonymous_13)
FNDA:0,(anonymous_14)
FNDA:0,(anonymous_15)
DA:1,0
DA:2,0
DA:9,0
DA:43,0
DA:44,0
DA:70,0
DA:73,0
DA:74,0
DA:78,0
DA:81,0
DA:89,0
DA:90,0
DA:92,0
DA:100,0
DA:101,0
DA:103,0
DA:104,0
DA:105,0
DA:109,0
DA:117,0
DA:118,0
DA:120,0
DA:121,0
DA:122,0
DA:126,0
DA:133,0
DA:140,0
DA:147,0
DA:154,0
DA:155,0
DA:156,0
DA:164,0
DA:183,0
DA:185,0
DA:193,0
DA:205,0
DA:206,0
DA:208,0
DA:216,0
DA:217,0
DA:218,0
DA:228,0
DA:236,0
DA:243,0
DA:250,0
DA:251,0
DA:252,0
DA:253,0
DA:254,0
DA:256,0
DA:257,0
DA:258,0
DA:261,0
DA:262,0
DA:263,0
DA:266,0
DA:267,0
DA:268,0
DA:271,0
DA:272,0
DA:273,0
DA:276,0
DA:277,0
DA:278,0
DA:281,0
DA:282,0
DA:283,0
DA:286,0
DA:287,0
DA:288,0
DA:291,0
DA:293,0
DA:294,0
DA:295,0
DA:298,0
DA:299,0
DA:301,0
DA:302,0
DA:310,0
DA:311,0
DA:312,0
DA:327,0
DA:328,0
DA:330,0
DA:331,0
DA:339,0
DA:340,0
DA:341,0
DA:346,0
DA:347,0
DA:348,0
DA:350,0
DA:351,0
DA:357,0
DA:359,0
LF:95
LH:0
BRDA:34,0,0,0
BRDA:35,1,0,0
BRDA:39,2,0,0
BRDA:41,3,0,0
BRDA:73,4,0,0
BRDA:73,4,1,0
BRDA:104,5,0,0
BRDA:104,5,1,0
BRDA:121,6,0,0
BRDA:121,6,1,0
BRDA:133,7,0,0
BRDA:133,7,1,0
BRDA:140,8,0,0
BRDA:140,8,1,0
BRDA:147,9,0,0
BRDA:147,9,1,0
BRDA:205,10,0,0
BRDA:205,10,1,0
BRDA:217,11,0,0
BRDA:217,11,1,0
BRDA:249,12,0,0
BRDA:256,13,0,0
BRDA:256,13,1,0
BRDA:261,14,0,0
BRDA:261,14,1,0
BRDA:266,15,0,0
BRDA:266,15,1,0
BRDA:271,16,0,0
BRDA:271,16,1,0
BRDA:276,17,0,0
BRDA:276,17,1,0
BRDA:281,18,0,0
BRDA:281,18,1,0
BRDA:286,19,0,0
BRDA:286,19,1,0
BRDA:293,20,0,0
BRDA:293,20,1,0
BRDA:309,21,0,0
BRDA:338,22,0,0
BRF:39
BRH:0
end_of_record
TN:
SF:src/utils/cache.js
FN:12,(anonymous_0)
FN:21,(anonymous_1)
FNF:2
FNH:0
FNDA:0,(anonymous_0)
FNDA:0,(anonymous_1)
DA:1,0
DA:6,0
DA:7,0
DA:8,0
DA:11,0
DA:13,0
DA:14,0
DA:15,0
DA:16,0
DA:18,0
DA:22,0
DA:23,0
DA:24,0
LF:13
LH:0
BRDA:6,0,0,0
BRDA:6,0,1,0
BRDA:7,1,0,0
BRDA:7,1,1,0
BRDA:13,2,0,0
BRDA:13,2,1,0
BRDA:16,3,0,0
BRDA:16,3,1,0
BRDA:21,4,0,0
BRDA:22,5,0,0
BRDA:22,5,1,0
BRF:11
BRH:0
end_of_record
TN:
SF:src/utils/errorHandler.js
FN:11,(anonymous_0)
FN:82,(anonymous_1)
FN:83,(anonymous_2)
FN:91,(anonymous_3)
FN:101,(anonymous_4)
FN:117,(anonymous_5)
FN:137,(anonymous_6)
FN:148,(anonymous_7)
FN:162,(anonymous_8)
FN:177,(anonymous_9)
FN:191,(anonymous_10)
FNF:11
FNH:0
FNDA:0,(anonymous_0)
FNDA:0,(anonymous_1)
FNDA:0,(anonymous_2)
FNDA:0,(anonymous_3)
FNDA:0,(anonymous_4)
FNDA:0,(anonymous_5)
FNDA:0,(anonymous_6)
FNDA:0,(anonymous_7)
FNDA:0,(anonymous_8)
FNDA:0,(anonymous_9)
FNDA:0,(anonymous_10)
DA:1,0
DA:13,0
DA:25,0
DA:28,0
DA:29,0
DA:36,0
DA:37,0
DA:44,0
DA:45,0
DA:52,0
DA:53,0
DA:60,0
DA:61,0
DA:69,0
DA:70,0
DA:72,0
DA:83,0
DA:84,0
DA:92,0
DA:93,0
DA:94,0
DA:95,0
DA:102,0
DA:109,0
DA:110,0
DA:118,0
DA:128,0
DA:131,0
DA:139,0
DA:149,0
DA:156,0
DA:163,0
DA:171,0
DA:178,0
DA:184,0
DA:185,0
DA:192,0
DA:199,0
DA:202,0
DA:204,0
DA:208,0
LF:41
LH:0
BRDA:28,0,0,0
BRDA:28,0,1,0
BRDA:36,1,0,0
BRDA:36,1,1,0
BRDA:36,2,0,0
BRDA:36,2,1,0
BRDA:44,3,0,0
BRDA:44,3,1,0
BRDA:52,4,0,0
BRDA:52,4,1,0
BRDA:60,5,0,0
BRDA:60,5,1,0
BRDA:69,6,0,0
BRDA:69,6,1,0
BRDA:70,7,0,0
BRDA:70,7,1,0
BRDA:74,8,0,0
BRDA:74,8,1,0
BRDA:75,9,0,0
BRDA:75,9,1,0
BRDA:91,10,0,0
BRDA:91,11,0,0
BRDA:109,12,0,0
BRDA:109,12,1,0
BRDA:109,13,0,0
BRDA:109,13,1,0
BRDA:171,14,0,0
BRDA:171,14,1,0
BRF:28
BRH:0
end_of_record
TN:
SF:src/utils/feeCalculator.js
FN:5,(anonymous_0)
FN:12,(anonymous_1)
FN:61,(anonymous_2)
FN:69,(anonymous_3)
FN:108,(anonymous_4)
FN:158,(anonymous_5)
FN:226,(anonymous_6)
FN:264,(anonymous_7)
FN:304,(anonymous_8)
FN:359,(anonymous_9)
FN:381,(anonymous_10)
FN:382,(anonymous_11)
FN:388,(anonymous_12)
FN:389,(anonymous_13)
FN:401,(anonymous_14)
FN:409,(anonymous_15)
FNF:16
FNH:0
FNDA:0,(anonymous_0)
FNDA:0,(anonymous_1)
FNDA:0,(anonymous_2)
FNDA:0,(anonymous_3)
FNDA:0,(anonymous_4)
FNDA:0,(anonymous_5)
FNDA:0,(anonymous_6)
FNDA:0,(anonymous_7)
FNDA:0,(anonymous_8)
FNDA:0,(anonymous_9)
FNDA:0,(anonymous_10)
FNDA:0,(anonymous_11)
FNDA:0,(anonymous_12)
FNDA:0,(anonymous_13)
FNDA:0,(anonymous_14)
FNDA:0,(anonymous_15)
DA:2,0
DA:6,0
DA:13,0
DA:21,0
DA:23,0
DA:26,0
DA:31,0
DA:34,0
DA:36,0
DA:38,0
DA:54,0
DA:62,0
DA:63,0
DA:65,0
DA:66,0
DA:69,0
DA:71,0
DA:72,0
DA:75,0
DA:76,0
DA:79,0
DA:80,0
DA:84,0
DA:85,0
DA:88,0
DA:101,0
DA:109,0
DA:111,0
DA:113,0
DA:114,0
DA:118,0
DA:119,0
DA:120,0
DA:121,0
DA:125,0
DA:126,0
DA:127,0
DA:130,0
DA:131,0
DA:132,0
DA:134,0
DA:151,0
DA:159,0
DA:160,0
DA:187,0
DA:189,0
DA:190,0
DA:196,0
DA:219,0
DA:227,0
DA:228,0
DA:229,0
DA:232,0
DA:233,0
DA:234,0
DA:235,0
DA:239,0
DA:240,0
DA:241,0
DA:242,0
DA:246,0
DA:247,0
DA:248,0
DA:249,0
DA:252,0
DA:257,0
DA:265,0
DA:266,0
DA:268,0
DA:269,0
DA:273,0
DA:289,0
DA:290,0
DA:291,0
DA:292,0
DA:294,0
DA:296,0
DA:297,0
DA:305,0
DA:315,0
DA:317,0
DA:319,0
DA:321,0
DA:329,0
DA:332,0
DA:333,0
DA:336,0
DA:337,0
DA:340,0
DA:343,0
DA:352,0
DA:360,0
DA:361,0
DA:363,0
DA:364,0
DA:365,0
DA:366,0
DA:372,0
DA:380,0
DA:381,0
DA:382,0
DA:384,0
DA:388,0
DA:389,0
DA:394,0
DA:402,0
DA:403,0
DA:410,0
DA:411,0
DA:413,0
DA:414,0
DA:417,0
DA:418,0
DA:421,0
DA:422,0
DA:425,0
DA:427,0
DA:432,0
LF:118
LH:0
BRDA:65,0,0,0
BRDA:65,0,1,0
BRDA:71,1,0,0
BRDA:71,1,1,0
BRDA:79,2,0,0
BRDA:79,2,1,0
BRDA:79,3,0,0
BRDA:79,3,1,0
BRDA:84,4,0,0
BRDA:84,4,1,0
BRDA:84,5,0,0
BRDA:84,5,1,0
BRDA:108,6,0,0
BRDA:113,7,0,0
BRDA:113,7,1,0
BRDA:119,8,0,0
BRDA:119,8,1,0
BRDA:126,9,0,0
BRDA:126,9,1,0
BRDA:189,10,0,0
BRDA:189,10,1,0
BRDA:232,11,0,0
BRDA:232,11,1,0
BRDA:239,12,0,0
BRDA:239,12,1,0
BRDA:239,13,0,0
BRDA:239,13,1,0
BRDA:246,14,0,0
BRDA:246,14,1,0
BRDA:264,15,0,0
BRDA:268,16,0,0
BRDA:268,16,1,0
BRDA:268,17,0,0
BRDA:268,17,1,0
BRDA:290,18,0,0
BRDA:290,18,1,0
BRDA:291,19,0,0
BRDA:291,19,1,0
BRDA:292,20,0,0
BRDA:292,20,1,0
BRDA:294,21,0,0
BRDA:294,21,1,0
BRDA:319,22,0,0
BRDA:319,22,1,0
BRDA:319,22,2,0
BRDA:319,22,3,0
BRDA:409,23,0,0
BRDA:413,24,0,0
BRDA:413,24,1,0
BRDA:413,25,0,0
BRDA:413,25,1,0
BRDA:417,26,0,0
BRDA:417,26,1,0
BRDA:417,27,0,0
BRDA:417,27,1,0
BRDA:421,28,0,0
BRDA:421,28,1,0
BRDA:421,29,0,0
BRDA:421,29,1,0
BRF:59
BRH:0
end_of_record
TN:
SF:src/utils/helpers.js
FN:5,generateTransactionCode
FN:16,calculateCommission
FN:29,generateVerificationCode
FNF:3
FNH:0
FNDA:0,generateTransactionCode
FNDA:0,calculateCommission
FNDA:0,generateVerificationCode
DA:7,0
DA:18,0
DA:19,0
DA:20,0
DA:21,0
DA:22,0
DA:30,0
DA:33,0
LF:8
LH:0
BRDA:16,0,0,0
BRDA:18,1,0,0
BRDA:18,2,0,0
BRDA:18,3,0,0
BRDA:20,4,0,0
BRDA:20,4,1,0
BRDA:21,5,0,0
BRDA:21,5,1,0
BRF:8
BRH:0
end_of_record
TN:
SF:src/utils/i18n.js
FN:734,(anonymous_0)
FN:738,(anonymous_1)
FN:746,(anonymous_2)
FN:750,(anonymous_3)
FN:765,(anonymous_4)
FN:773,(anonymous_5)
FN:778,(anonymous_6)
FN:787,(anonymous_7)
FN:798,(anonymous_8)
FNF:9
FNH:0
FNDA:0,(anonymous_0)
FNDA:0,(anonymous_1)
FNDA:0,(anonymous_2)
FNDA:0,(anonymous_3)
FNDA:0,(anonymous_4)
FNDA:0,(anonymous_5)
FNDA:0,(anonymous_6)
FNDA:0,(anonymous_7)
FNDA:0,(anonymous_8)
DA:1,0
DA:735,0
DA:739,0
DA:740,0
DA:741,0
DA:743,0
DA:747,0
DA:751,0
DA:752,0
DA:754,0
DA:755,0
DA:756,0
DA:758,0
DA:762,0
DA:766,0
DA:770,0
DA:774,0
DA:775,0
DA:779,0
DA:784,0
DA:788,0
DA:795,0
DA:799,0
DA:803,0
LF:24
LH:0
BRDA:739,0,0,0
BRDA:739,0,1,0
BRDA:750,1,0,0
BRDA:755,2,0,0
BRDA:755,2,1,0
BRDA:755,3,0,0
BRDA:755,3,1,0
BRDA:758,4,0,0
BRDA:758,4,1,0
BRDA:765,5,0,0
BRDA:766,6,0,0
BRDA:766,6,1,0
BRDA:774,7,0,0
BRDA:774,7,1,0
BRDA:779,8,0,0
BRDA:779,8,1,0
BRDA:788,9,0,0
BRDA:788,9,1,0
BRF:18
BRH:0
end_of_record
TN:
SF:src/utils/jwt.js
FN:9,(anonymous_0)
FN:23,(anonymous_1)
FN:46,(anonymous_2)
FN:64,(anonymous_3)
FN:82,(anonymous_4)
FN:114,(anonymous_5)
FN:143,(anonymous_6)
FN:170,(anonymous_7)
FN:191,(anonymous_8)
FN:211,(anonymous_9)
FN:219,(anonymous_10)
FN:227,(anonymous_11)
FN:235,(anonymous_12)
FN:246,(anonymous_13)
FN:256,(anonymous_14)
FN:271,(anonymous_15)
FN:279,(anonymous_16)
FN:288,(anonymous_17)
FN:309,(anonymous_18)
FN:310,(anonymous_19)
FNF:20
FNH:0
FNDA:0,(anonymous_0)
FNDA:0,(anonymous_1)
FNDA:0,(anonymous_2)
FNDA:0,(anonymous_3)
FNDA:0,(anonymous_4)
FNDA:0,(anonymous_5)
FNDA:0,(anonymous_6)
FNDA:0,(anonymous_7)
FNDA:0,(anonymous_8)
FNDA:0,(anonymous_9)
FNDA:0,(anonymous_10)
FNDA:0,(anonymous_11)
FNDA:0,(anonymous_12)
FNDA:0,(anonymous_13)
FNDA:0,(anonymous_14)
FNDA:0,(anonymous_15)
FNDA:0,(anonymous_16)
FNDA:0,(anonymous_17)
FNDA:0,(anonymous_18)
FNDA:0,(anonymous_19)
DA:1,0
DA:2,0
DA:3,0
DA:6,0
DA:10,0
DA:11,0
DA:12,0
DA:13,0
DA:15,0
DA:16,0
DA:24,0
DA:37,0
DA:47,0
DA:55,0
DA:65,0
DA:66,0
DA:69,0
DA:71,0
DA:83,0
DA:85,0
DA:86,0
DA:87,0
DA:90,0
DA:95,0
DA:96,0
DA:99,0
DA:101,0
DA:102,0
DA:104,0
DA:105,0
DA:107,0
DA:115,0
DA:116,0
DA:121,0
DA:122,0
DA:126,0
DA:127,0
DA:128,0
DA:131,0
DA:133,0
DA:134,0
DA:136,0
DA:144,0
DA:145,0
DA:148,0
DA:149,0
DA:151,0
DA:152,0
DA:156,0
DA:159,0
DA:161,0
DA:163,0
DA:171,0
DA:173,0
DA:174,0
DA:175,0
DA:179,0
DA:181,0
DA:183,0
DA:184,0
DA:192,0
DA:194,0
DA:197,0
DA:199,0
DA:201,0
DA:202,0
DA:212,0
DA:213,0
DA:220,0
DA:221,0
DA:228,0
DA:229,0
DA:236,0
DA:237,0
DA:238,0
DA:239,0
DA:247,0
DA:248,0
DA:249,0
DA:257,0
DA:258,0
DA:259,0
DA:261,0
DA:262,0
DA:264,0
DA:272,0
DA:273,0
DA:280,0
DA:281,0
DA:282,0
DA:289,0
DA:292,0
DA:293,0
DA:294,0
DA:295,0
DA:296,0
DA:300,0
DA:306,0
DA:309,0
DA:310,0
DA:313,0
DA:314,0
LF:102
LH:0
BRDA:6,0,0,0
BRDA:6,0,1,0
BRDA:15,1,0,0
BRDA:15,1,1,0
BRDA:15,2,0,0
BRDA:15,2,1,0
BRDA:30,3,0,0
BRDA:30,3,1,0
BRDA:86,4,0,0
BRDA:86,4,1,0
BRDA:95,5,0,0
BRDA:95,5,1,0
BRDA:101,6,0,0
BRDA:101,6,1,0
BRDA:104,7,0,0
BRDA:104,7,1,0
BRDA:121,8,0,0
BRDA:121,8,1,0
BRDA:127,9,0,0
BRDA:127,9,1,0
BRDA:127,10,0,0
BRDA:127,10,1,0
BRDA:133,11,0,0
BRDA:133,11,1,0
BRDA:151,12,0,0
BRDA:151,12,1,0
BRDA:151,13,0,0
BRDA:151,13,1,0
BRDA:174,14,0,0
BRDA:174,14,1,0
BRDA:174,15,0,0
BRDA:174,15,1,0
BRDA:238,16,0,0
BRDA:238,16,1,0
BRDA:248,17,0,0
BRDA:248,17,1,0
BRDA:259,18,0,0
BRDA:259,18,1,0
BRDA:259,19,0,0
BRDA:259,19,1,0
BRDA:295,20,0,0
BRDA:295,20,1,0
BRDA:295,21,0,0
BRDA:295,21,1,0
BRF:44
BRH:0
end_of_record
TN:
SF:src/utils/logger.js
FN:67,(anonymous_0)
FN:70,(anonymous_1)
FN:87,(anonymous_2)
FNF:3
FNH:0
FNDA:0,(anonymous_0)
FNDA:0,(anonymous_1)
FNDA:0,(anonymous_2)
DA:1,0
DA:2,0
DA:5,0
DA:12,0
DA:57,0
DA:58,0
DA:67,0
DA:68,0
DA:70,0
DA:71,0
DA:73,0
DA:83,0
DA:87,0
DA:88,0
DA:97,0
DA:100,0
LF:16
LH:0
BRDA:13,0,0,0
BRDA:13,0,1,0
BRDA:57,1,0,0
BRDA:57,1,1,0
BRF:4
BRH:0
end_of_record
TN:
SF:src/utils/password.js
FN:12,(anonymous_0)
FN:28,(anonymous_1)
FN:42,(anonymous_2)
FNF:3
FNH:0
FNDA:0,(anonymous_0)
FNDA:0,(anonymous_1)
FNDA:0,(anonymous_2)
DA:1,0
DA:2,0
DA:5,0
DA:12,0
DA:13,0
DA:14,0
DA:15,0
DA:17,0
DA:18,0
DA:28,0
DA:29,0
DA:30,0
DA:32,0
DA:33,0
DA:42,0
DA:43,0
DA:44,0
DA:45,0
DA:46,0
DA:47,0
DA:49,0
DA:50,0
DA:56,0
DA:57,0
DA:63,0
DA:64,0
DA:70,0
DA:71,0
DA:77,0
DA:78,0
DA:84,0
DA:90,0
LF:32
LH:0
BRDA:49,0,0,0
BRDA:49,0,1,0
BRDA:56,1,0,0
BRDA:56,1,1,0
BRDA:63,2,0,0
BRDA:63,2,1,0
BRDA:70,3,0,0
BRDA:70,3,1,0
BRDA:77,4,0,0
BRDA:77,4,1,0
BRF:10
BRH:0
end_of_record
TN:
SF:src/utils/persian.js
FN:12,(anonymous_0)
FN:26,(anonymous_1)
FN:33,(anonymous_2)
FN:41,(anonymous_3)
FN:53,(anonymous_4)
FNF:5
FNH:0
FNDA:0,(anonymous_0)
FNDA:0,(anonymous_1)
FNDA:0,(anonymous_2)
FNDA:0,(anonymous_3)
FNDA:0,(anonymous_4)
DA:3,0
DA:4,0
DA:6,0
DA:13,0
DA:14,0
DA:15,0
DA:16,0
DA:18,0
DA:27,0
DA:28,0
DA:29,0
DA:30,0
DA:33,0
DA:42,0
DA:43,0
DA:44,0
DA:54,0
DA:55,0
DA:59,0
LF:19
LH:0
BRDA:13,0,0,0
BRDA:13,0,1,0
BRDA:13,1,0,0
BRDA:13,1,1,0
BRDA:27,2,0,0
BRDA:27,2,1,0
BRDA:27,3,0,0
BRDA:27,3,1,0
BRDA:42,4,0,0
BRDA:42,4,1,0
BRDA:42,5,0,0
BRDA:42,5,1,0
BRF:12
BRH:0
end_of_record
TN:
SF:src/utils/remittanceUtils.js
FN:9,(anonymous_0)
FN:17,(anonymous_1)
FN:23,(anonymous_2)
FNF:3
FNH:0
FNDA:0,(anonymous_0)
FNDA:0,(anonymous_1)
FNDA:0,(anonymous_2)
DA:2,0
DA:3,0
DA:4,0
DA:6,0
DA:7,0
DA:9,0
DA:11,0
DA:12,0
DA:13,0
DA:14,0
DA:17,0
DA:19,0
DA:20,0
DA:23,0
DA:24,0
DA:25,0
DA:27,0
LF:17
LH:0
BRDA:7,0,0,0
BRDA:7,0,1,0
BRF:2
BRH:0
end_of_record
TN:
SF:src/utils/roleAccess.js
FN:2,hasAccess
FNF:1
FNH:0
FNDA:0,hasAccess
DA:3,0
DA:6,0
LF:2
LH:0
BRF:0
BRH:0
end_of_record
TN:
SF:src/utils/validation.js
FN:4,(anonymous_0)
FN:26,(anonymous_1)
FN:54,(anonymous_2)
FN:78,(anonymous_3)
FN:108,(anonymous_4)
FN:128,(anonymous_5)
FN:152,(anonymous_6)
FN:174,(anonymous_7)
FN:195,(anonymous_8)
FN:222,(anonymous_9)
FN:259,(anonymous_10)
FN:288,(anonymous_11)
FN:319,(anonymous_12)
FN:333,(anonymous_13)
FN:347,(anonymous_14)
FN:361,(anonymous_15)
FN:375,(anonymous_16)
FN:390,(anonymous_17)
FNF:18
FNH:0
FNDA:0,(anonymous_0)
FNDA:0,(anonymous_1)
FNDA:0,(anonymous_2)
FNDA:0,(anonymous_3)
FNDA:0,(anonymous_4)
FNDA:0,(anonymous_5)
FNDA:0,(anonymous_6)
FNDA:0,(anonymous_7)
FNDA:0,(anonymous_8)
FNDA:0,(anonymous_9)
FNDA:0,(anonymous_10)
FNDA:0,(anonymous_11)
FNDA:0,(anonymous_12)
FNDA:0,(anonymous_13)
FNDA:0,(anonymous_14)
FNDA:0,(anonymous_15)
FNDA:0,(anonymous_16)
FNDA:0,(anonymous_17)
DA:1,0
DA:5,0
DA:27,0
DA:55,0
DA:79,0
DA:109,0
DA:129,0
DA:153,0
DA:175,0
DA:196,0
DA:223,0
DA:260,0
DA:289,0
DA:320,0
DA:334,0
DA:348,0
DA:362,0
DA:376,0
DA:391,0
DA:407,0
LF:20
LH:0
BRF:0
BRH:0
end_of_record
